\BOOKMARK [0][-]{chapter*.1}{\376\377\000P\000r\000e\000f\000a\000c\000e}{}% 1
\BOOKMARK [0][-]{chapter.1}{\376\377\0001\000\040\000G\000e\000t\000t\000i\000n\000g\000\040\000S\000t\000a\000r\000t\000e\000d}{}% 2
\BOOKMARK [1][-]{section.1.1}{\376\377\0001\000.\0001\000\040\000W\000h\000a\000t\000\040\000i\000s\000\040\000a\000\040\000p\000r\000o\000g\000r\000a\000m\000?}{chapter.1}% 3
\BOOKMARK [1][-]{section.1.2}{\376\377\0001\000.\0002\000\040\000W\000h\000a\000t\000\040\000i\000s\000\040\000a\000\040\000c\000o\000m\000p\000i\000l\000e\000r\000,\000\040\000a\000n\000d\000\040\000w\000h\000y\000\040\000d\000o\000\040\000w\000e\000\040\000n\000e\000e\000d\000\040\000o\000n\000e\000?}{chapter.1}% 4
\BOOKMARK [1][-]{section.1.3}{\376\377\0001\000.\0003\000\040\000G\000e\000t\000t\000i\000n\000g\000\040\000t\000h\000e\000\040\000c\000o\000m\000p\000i\000l\000e\000r}{chapter.1}% 5
\BOOKMARK [1][-]{section.1.4}{\376\377\0001\000.\0004\000\040\000Y\000o\000u\000r\000\040\000f\000i\000r\000s\000t\000\040\000p\000r\000o\000g\000r\000a\000m\000:\000\040\000H\000e\000l\000l\000o\000,\000\040\000S\000a\000l\000a\000m\000!}{chapter.1}% 6
\BOOKMARK [2][-]{subsection.1.4.1}{\376\377\0001\000.\0004\000.\0001\000\040\000R\000u\000n\000n\000i\000n\000g\000\040\000t\000h\000e\000\040\000p\000r\000o\000g\000r\000a\000m}{section.1.4}% 7
\BOOKMARK [1][-]{section.1.5}{\376\377\0001\000.\0005\000\040\000A\000n\000a\000t\000o\000m\000y\000\040\000o\000f\000\040\000t\000h\000e\000\040\000f\000i\000r\000s\000t\000\040\000p\000r\000o\000g\000r\000a\000m}{chapter.1}% 8
\BOOKMARK [1][-]{section.1.6}{\376\377\0001\000.\0006\000\040\000T\000h\000e\000\040\000s\000a\000m\000e\000\040\000p\000r\000o\000g\000r\000a\000m\000\040\000i\000n\000\040\000P\000e\000r\000s\000i\000a\000n}{chapter.1}% 9
\BOOKMARK [1][-]{section.1.7}{\376\377\0001\000.\0007\000\040\000C\000o\000m\000m\000e\000n\000t\000s\000:\000\040\000n\000o\000t\000e\000s\000\040\000t\000o\000\040\000y\000o\000u\000r\000s\000e\000l\000f}{chapter.1}% 10
\BOOKMARK [1][-]{section.1.8}{\376\377\0001\000.\0008\000\040\000P\000r\000i\000n\000t\000i\000n\000g\000\040\000w\000i\000t\000h\000\040\000a\000n\000d\000\040\000w\000i\000t\000h\000o\000u\000t\000\040\000a\000\040\000n\000e\000w\000\040\000l\000i\000n\000e}{chapter.1}% 11
\BOOKMARK [1][-]{section.1.9}{\376\377\0001\000.\0009\000\040\000S\000t\000a\000r\000t\000i\000n\000g\000\040\000a\000\040\000n\000e\000w\000\040\000p\000r\000o\000j\000e\000c\000t}{chapter.1}% 12
\BOOKMARK [1][-]{section.1.10}{\376\377\0001\000.\0001\0000\000\040\000C\000h\000a\000p\000t\000e\000r\000\040\000s\000u\000m\000m\000a\000r\000y}{chapter.1}% 13
\BOOKMARK [1][-]{section.1.11}{\376\377\0001\000.\0001\0001\000\040\000E\000x\000e\000r\000c\000i\000s\000e\000s}{chapter.1}% 14
\BOOKMARK [0][-]{chapter.2}{\376\377\0002\000\040\000V\000a\000r\000i\000a\000b\000l\000e\000s\000\040\000a\000n\000d\000\040\000D\000a\000t\000a\000\040\000T\000y\000p\000e\000s}{}% 15
\BOOKMARK [1][-]{section.2.1}{\376\377\0002\000.\0001\000\040\000V\000a\000r\000i\000a\000b\000l\000e\000s\000:\000\040\000n\000a\000m\000e\000d\000\040\000b\000o\000x\000e\000s}{chapter.2}% 16
\BOOKMARK [1][-]{section.2.2}{\376\377\0002\000.\0002\000\040\000M\000u\000t\000a\000b\000l\000e\000\040\000a\000n\000d\000\040\000i\000m\000m\000u\000t\000a\000b\000l\000e\000\040\000v\000a\000r\000i\000a\000b\000l\000e\000s}{chapter.2}% 17
\BOOKMARK [1][-]{section.2.3}{\376\377\0002\000.\0003\000\040\000T\000y\000p\000e\000\040\000i\000n\000f\000e\000r\000e\000n\000c\000e\000\040\000w\000i\000t\000h\000\040\000a\000u\000t\000o}{chapter.2}% 18
\BOOKMARK [1][-]{section.2.4}{\376\377\0002\000.\0004\000\040\000T\000h\000e\000\040\000p\000r\000i\000m\000i\000t\000i\000v\000e\000\040\000t\000y\000p\000e\000s}{chapter.2}% 19
\BOOKMARK [2][-]{subsection.2.4.1}{\376\377\0002\000.\0004\000.\0001\000\040\000I\000n\000t\000e\000g\000e\000r\000s}{section.2.4}% 20
\BOOKMARK [2][-]{subsection.2.4.2}{\376\377\0002\000.\0004\000.\0002\000\040\000F\000l\000o\000a\000t\000i\000n\000g\000-\000p\000o\000i\000n\000t\000\040\000n\000u\000m\000b\000e\000r\000s}{section.2.4}% 21
\BOOKMARK [2][-]{subsection.2.4.3}{\376\377\0002\000.\0004\000.\0003\000\040\000B\000o\000o\000l\000e\000a\000n\000s}{section.2.4}% 22
\BOOKMARK [2][-]{subsection.2.4.4}{\376\377\0002\000.\0004\000.\0004\000\040\000C\000h\000a\000r\000a\000c\000t\000e\000r\000s}{section.2.4}% 23
\BOOKMARK [2][-]{subsection.2.4.5}{\376\377\0002\000.\0004\000.\0005\000\040\000S\000t\000r\000i\000n\000g\000s}{section.2.4}% 24
\BOOKMARK [2][-]{subsection.2.4.6}{\376\377\0002\000.\0004\000.\0006\000\040\000V\000o\000i\000d}{section.2.4}% 25
\BOOKMARK [1][-]{section.2.5}{\376\377\0002\000.\0005\000\040\000L\000i\000t\000e\000r\000a\000l\000s\000:\000\040\000w\000r\000i\000t\000i\000n\000g\000\040\000v\000a\000l\000u\000e\000s\000\040\000d\000i\000r\000e\000c\000t\000l\000y}{chapter.2}% 26
\BOOKMARK [1][-]{section.2.6}{\376\377\0002\000.\0006\000\040\000C\000o\000n\000v\000e\000r\000t\000i\000n\000g\000\040\000b\000e\000t\000w\000e\000e\000n\000\040\000t\000y\000p\000e\000s\000\040\000w\000i\000t\000h\000\040\000a\000s}{chapter.2}% 27
\BOOKMARK [1][-]{section.2.7}{\376\377\0002\000.\0007\000\040\000T\000y\000p\000e\000\040\000a\000l\000i\000a\000s\000e\000s}{chapter.2}% 28
\BOOKMARK [1][-]{section.2.8}{\376\377\0002\000.\0008\000\040\000N\000a\000m\000i\000n\000g\000\040\000v\000a\000r\000i\000a\000b\000l\000e\000s}{chapter.2}% 29
\BOOKMARK [1][-]{section.2.9}{\376\377\0002\000.\0009\000\040\000P\000e\000r\000s\000i\000a\000n\000\040\000t\000y\000p\000e\000\040\000n\000a\000m\000e\000s}{chapter.2}% 30
\BOOKMARK [1][-]{section.2.10}{\376\377\0002\000.\0001\0000\000\040\000I\000n\000\040\000D\000e\000p\000t\000h\000:\000\040\000h\000o\000w\000\040\000v\000a\000l\000u\000e\000s\000\040\000a\000r\000e\000\040\000s\000t\000o\000r\000e\000d}{chapter.2}% 31
\BOOKMARK [1][-]{section.2.11}{\376\377\0002\000.\0001\0001\000\040\000C\000h\000a\000p\000t\000e\000r\000\040\000s\000u\000m\000m\000a\000r\000y}{chapter.2}% 32
\BOOKMARK [1][-]{section.2.12}{\376\377\0002\000.\0001\0002\000\040\000E\000x\000e\000r\000c\000i\000s\000e\000s}{chapter.2}% 33
\BOOKMARK [0][-]{chapter.3}{\376\377\0003\000\040\000O\000p\000e\000r\000a\000t\000o\000r\000s\000\040\000a\000n\000d\000\040\000E\000x\000p\000r\000e\000s\000s\000i\000o\000n\000s}{}% 34
\BOOKMARK [1][-]{section.3.1}{\376\377\0003\000.\0001\000\040\000A\000r\000i\000t\000h\000m\000e\000t\000i\000c\000\040\000o\000p\000e\000r\000a\000t\000o\000r\000s}{chapter.3}% 35
\BOOKMARK [2][-]{subsection.3.1.1}{\376\377\0003\000.\0001\000.\0001\000\040\000I\000n\000t\000e\000g\000e\000r\000\040\000v\000e\000r\000s\000u\000s\000\040\000f\000l\000o\000a\000t\000i\000n\000g\000-\000p\000o\000i\000n\000t\000\040\000d\000i\000v\000i\000s\000i\000o\000n}{section.3.1}% 36
\BOOKMARK [2][-]{subsection.3.1.2}{\376\377\0003\000.\0001\000.\0002\000\040\000T\000h\000e\000\040\000p\000o\000w\000e\000r\000\040\000o\000p\000e\000r\000a\000t\000o\000r}{section.3.1}% 37
\BOOKMARK [1][-]{section.3.2}{\376\377\0003\000.\0002\000\040\000C\000o\000m\000p\000o\000u\000n\000d\000\040\000a\000s\000s\000i\000g\000n\000m\000e\000n\000t}{chapter.3}% 38
\BOOKMARK [1][-]{section.3.3}{\376\377\0003\000.\0003\000\040\000C\000o\000m\000p\000a\000r\000i\000s\000o\000n\000\040\000o\000p\000e\000r\000a\000t\000o\000r\000s}{chapter.3}% 39
\BOOKMARK [1][-]{section.3.4}{\376\377\0003\000.\0004\000\040\000L\000o\000g\000i\000c\000a\000l\000\040\000o\000p\000e\000r\000a\000t\000o\000r\000s}{chapter.3}% 40
\BOOKMARK [1][-]{section.3.5}{\376\377\0003\000.\0005\000\040\000A\000\040\000n\000o\000t\000e\000\040\000o\000n\000\040\000b\000i\000t\000w\000i\000s\000e\000\040\000o\000p\000e\000r\000a\000t\000o\000r\000s}{chapter.3}% 41
\BOOKMARK [1][-]{section.3.6}{\376\377\0003\000.\0006\000\040\000S\000t\000r\000i\000n\000g\000\040\000c\000o\000n\000c\000a\000t\000e\000n\000a\000t\000i\000o\000n}{chapter.3}% 42
\BOOKMARK [1][-]{section.3.7}{\376\377\0003\000.\0007\000\040\000P\000r\000e\000c\000e\000d\000e\000n\000c\000e\000\040\000a\000n\000d\000\040\000g\000r\000o\000u\000p\000i\000n\000g}{chapter.3}% 43
\BOOKMARK [1][-]{section.3.8}{\376\377\0003\000.\0008\000\040\000P\000u\000t\000t\000i\000n\000g\000\040\000i\000t\000\040\000t\000o\000g\000e\000t\000h\000e\000r}{chapter.3}% 44
\BOOKMARK [1][-]{section.3.9}{\376\377\0003\000.\0009\000\040\000C\000h\000a\000p\000t\000e\000r\000\040\000s\000u\000m\000m\000a\000r\000y}{chapter.3}% 45
\BOOKMARK [1][-]{section.3.10}{\376\377\0003\000.\0001\0000\000\040\000E\000x\000e\000r\000c\000i\000s\000e\000s}{chapter.3}% 46
\BOOKMARK [0][-]{chapter.4}{\376\377\0004\000\040\000C\000o\000n\000t\000r\000o\000l\000\040\000F\000l\000o\000w}{}% 47
\BOOKMARK [1][-]{section.4.1}{\376\377\0004\000.\0001\000\040\000T\000h\000e\000\040\000i\000f\000\040\000s\000t\000a\000t\000e\000m\000e\000n\000t}{chapter.4}% 48
\BOOKMARK [1][-]{section.4.2}{\376\377\0004\000.\0002\000\040\000e\000l\000s\000e\000:\000\040\000t\000h\000e\000\040\000o\000t\000h\000e\000r\000\040\000p\000a\000t\000h}{chapter.4}% 49
\BOOKMARK [1][-]{section.4.3}{\376\377\0004\000.\0003\000\040\000e\000l\000s\000e\000\040\000i\000f\000:\000\040\000c\000h\000o\000o\000s\000i\000n\000g\000\040\000a\000m\000o\000n\000g\000\040\000m\000a\000n\000y}{chapter.4}% 50
\BOOKMARK [1][-]{section.4.4}{\376\377\0004\000.\0004\000\040\000T\000h\000e\000\040\000i\000n\000l\000i\000n\000e\000\040\000f\000o\000r\000m}{chapter.4}% 51
\BOOKMARK [1][-]{section.4.5}{\376\377\0004\000.\0005\000\040\000C\000o\000n\000d\000i\000t\000i\000o\000n\000s\000\040\000a\000r\000e\000\040\000j\000u\000s\000t\000\040\000b\000o\000o\000l\000e\000a\000n\000\040\000e\000x\000p\000r\000e\000s\000s\000i\000o\000n\000s}{chapter.4}% 52
\BOOKMARK [1][-]{section.4.6}{\376\377\0004\000.\0006\000\040\000N\000e\000s\000t\000i\000n\000g}{chapter.4}% 53
\BOOKMARK [1][-]{section.4.7}{\376\377\0004\000.\0007\000\040\000D\000e\000c\000i\000s\000i\000o\000n\000s\000\040\000i\000n\000s\000i\000d\000e\000\040\000f\000u\000n\000c\000t\000i\000o\000n\000s}{chapter.4}% 54
\BOOKMARK [1][-]{section.4.8}{\376\377\0004\000.\0008\000\040\000I\000n\000\040\000P\000e\000r\000s\000i\000a\000n}{chapter.4}% 55
\BOOKMARK [1][-]{section.4.9}{\376\377\0004\000.\0009\000\040\000C\000h\000a\000p\000t\000e\000r\000\040\000s\000u\000m\000m\000a\000r\000y}{chapter.4}% 56
\BOOKMARK [1][-]{section.4.10}{\376\377\0004\000.\0001\0000\000\040\000E\000x\000e\000r\000c\000i\000s\000e\000s}{chapter.4}% 57
\BOOKMARK [0][-]{chapter.5}{\376\377\0005\000\040\000L\000o\000o\000p\000s}{}% 58
\BOOKMARK [1][-]{section.5.1}{\376\377\0005\000.\0001\000\040\000T\000h\000e\000\040\000w\000h\000i\000l\000e\000\040\000l\000o\000o\000p}{chapter.5}% 59
\BOOKMARK [1][-]{section.5.2}{\376\377\0005\000.\0002\000\040\000T\000h\000e\000\040\000f\000o\000r\000\040\000l\000o\000o\000p}{chapter.5}% 60
\BOOKMARK [1][-]{section.5.3}{\376\377\0005\000.\0003\000\040\000T\000h\000e\000\040\000r\000e\000p\000e\000a\000t\000\040\000l\000o\000o\000p}{chapter.5}% 61
\BOOKMARK [2][-]{subsection.5.3.1}{\376\377\0005\000.\0003\000.\0001\000\040\000R\000e\000p\000e\000a\000t\000\040\000a\000\040\000f\000i\000x\000e\000d\000\040\000n\000u\000m\000b\000e\000r\000\040\000o\000f\000\040\000t\000i\000m\000e\000s}{section.5.3}% 62
\BOOKMARK [2][-]{subsection.5.3.2}{\376\377\0005\000.\0003\000.\0002\000\040\000R\000e\000p\000e\000a\000t\000\040\000o\000v\000e\000r\000\040\000a\000\040\000r\000a\000n\000g\000e}{section.5.3}% 63
\BOOKMARK [2][-]{subsection.5.3.3}{\376\377\0005\000.\0003\000.\0003\000\040\000R\000e\000p\000e\000a\000t\000\040\000w\000i\000t\000h\000\040\000a\000\040\000s\000t\000e\000p}{section.5.3}% 64
\BOOKMARK [1][-]{section.5.4}{\376\377\0005\000.\0004\000\040\000B\000r\000e\000a\000k\000i\000n\000g\000\040\000o\000u\000t\000\040\000a\000n\000d\000\040\000s\000k\000i\000p\000p\000i\000n\000g\000\040\000a\000h\000e\000a\000d}{chapter.5}% 65
\BOOKMARK [1][-]{section.5.5}{\376\377\0005\000.\0005\000\040\000N\000e\000s\000t\000e\000d\000\040\000l\000o\000o\000p\000s}{chapter.5}% 66
\BOOKMARK [1][-]{section.5.6}{\376\377\0005\000.\0006\000\040\000I\000n\000\040\000P\000e\000r\000s\000i\000a\000n}{chapter.5}% 67
\BOOKMARK [1][-]{section.5.7}{\376\377\0005\000.\0007\000\040\000W\000h\000i\000c\000h\000\040\000l\000o\000o\000p\000\040\000s\000h\000o\000u\000l\000d\000\040\000I\000\040\000u\000s\000e\000?}{chapter.5}% 68
\BOOKMARK [1][-]{section.5.8}{\376\377\0005\000.\0008\000\040\000C\000h\000a\000p\000t\000e\000r\000\040\000s\000u\000m\000m\000a\000r\000y}{chapter.5}% 69
\BOOKMARK [1][-]{section.5.9}{\376\377\0005\000.\0009\000\040\000E\000x\000e\000r\000c\000i\000s\000e\000s}{chapter.5}% 70
\BOOKMARK [0][-]{chapter.6}{\376\377\0006\000\040\000F\000u\000n\000c\000t\000i\000o\000n\000s}{}% 71
\BOOKMARK [1][-]{section.6.1}{\376\377\0006\000.\0001\000\040\000D\000e\000f\000i\000n\000i\000n\000g\000\040\000a\000n\000d\000\040\000c\000a\000l\000l\000i\000n\000g\000\040\000a\000\040\000f\000u\000n\000c\000t\000i\000o\000n}{chapter.6}% 72
\BOOKMARK [1][-]{section.6.2}{\376\377\0006\000.\0002\000\040\000R\000e\000t\000u\000r\000n\000i\000n\000g\000\040\000a\000\040\000v\000a\000l\000u\000e}{chapter.6}% 73
\BOOKMARK [1][-]{section.6.3}{\376\377\0006\000.\0003\000\040\000F\000u\000n\000c\000t\000i\000o\000n\000s\000\040\000t\000h\000a\000t\000\040\000r\000e\000t\000u\000r\000n\000\040\000n\000o\000t\000h\000i\000n\000g}{chapter.6}% 74
\BOOKMARK [1][-]{section.6.4}{\376\377\0006\000.\0004\000\040\000M\000u\000l\000t\000i\000p\000l\000e\000\040\000p\000a\000r\000a\000m\000e\000t\000e\000r\000s}{chapter.6}% 75
\BOOKMARK [1][-]{section.6.5}{\376\377\0006\000.\0005\000\040\000A\000r\000g\000u\000m\000e\000n\000t\000s\000\040\000a\000r\000e\000\040\000p\000a\000s\000s\000e\000d\000\040\000b\000y\000\040\000v\000a\000l\000u\000e}{chapter.6}% 76
\BOOKMARK [1][-]{section.6.6}{\376\377\0006\000.\0006\000\040\000R\000e\000c\000u\000r\000s\000i\000o\000n}{chapter.6}% 77
\BOOKMARK [1][-]{section.6.7}{\376\377\0006\000.\0007\000\040\000D\000e\000f\000i\000n\000i\000t\000i\000o\000n\000\040\000o\000r\000d\000e\000r\000\040\000d\000o\000e\000s\000\040\000n\000o\000t\000\040\000m\000a\000t\000t\000e\000r}{chapter.6}% 78
\BOOKMARK [1][-]{section.6.8}{\376\377\0006\000.\0008\000\040\000F\000u\000n\000c\000t\000i\000o\000n\000\040\000o\000v\000e\000r\000l\000o\000a\000d\000i\000n\000g}{chapter.6}% 79
\BOOKMARK [1][-]{section.6.9}{\376\377\0006\000.\0009\000\040\000U\000s\000e\000\040\000e\000v\000e\000r\000y\000\040\000p\000a\000r\000a\000m\000e\000t\000e\000r}{chapter.6}% 80
\BOOKMARK [1][-]{section.6.10}{\376\377\0006\000.\0001\0000\000\040\000D\000e\000s\000i\000g\000n\000i\000n\000g\000\040\000g\000o\000o\000d\000\040\000f\000u\000n\000c\000t\000i\000o\000n\000s}{chapter.6}% 81
\BOOKMARK [1][-]{section.6.11}{\376\377\0006\000.\0001\0001\000\040\000C\000h\000a\000p\000t\000e\000r\000\040\000s\000u\000m\000m\000a\000r\000y}{chapter.6}% 82
\BOOKMARK [1][-]{section.6.12}{\376\377\0006\000.\0001\0002\000\040\000E\000x\000e\000r\000c\000i\000s\000e\000s}{chapter.6}% 83
\BOOKMARK [0][-]{chapter.7}{\376\377\0007\000\040\000A\000r\000r\000a\000y\000s\000\040\000a\000n\000d\000\040\000V\000e\000c\000t\000o\000r\000s}{}% 84
\BOOKMARK [1][-]{section.7.1}{\376\377\0007\000.\0001\000\040\000F\000i\000x\000e\000d\000-\000s\000i\000z\000e\000\040\000a\000r\000r\000a\000y\000s}{chapter.7}% 85
\BOOKMARK [2][-]{subsection.7.1.1}{\376\377\0007\000.\0001\000.\0001\000\040\000C\000h\000a\000n\000g\000i\000n\000g\000\040\000e\000l\000e\000m\000e\000n\000t\000s}{section.7.1}% 86
\BOOKMARK [2][-]{subsection.7.1.2}{\376\377\0007\000.\0001\000.\0002\000\040\000W\000a\000l\000k\000i\000n\000g\000\040\000a\000n\000\040\000a\000r\000r\000a\000y\000\040\000w\000i\000t\000h\000\040\000a\000\040\000l\000o\000o\000p}{section.7.1}% 87
\BOOKMARK [1][-]{section.7.2}{\376\377\0007\000.\0002\000\040\000M\000u\000l\000t\000i\000-\000d\000i\000m\000e\000n\000s\000i\000o\000n\000a\000l\000\040\000a\000r\000r\000a\000y\000s}{chapter.7}% 88
\BOOKMARK [1][-]{section.7.3}{\376\377\0007\000.\0003\000\040\000T\000h\000e\000\040\000l\000i\000m\000i\000t\000\040\000o\000f\000\040\000f\000i\000x\000e\000d\000\040\000a\000r\000r\000a\000y\000s}{chapter.7}% 89
\BOOKMARK [1][-]{section.7.4}{\376\377\0007\000.\0004\000\040\000V\000e\000c\000t\000o\000r\000s\000:\000\040\000a\000r\000r\000a\000y\000s\000\040\000t\000h\000a\000t\000\040\000g\000r\000o\000w}{chapter.7}% 90
\BOOKMARK [2][-]{subsection.7.4.1}{\376\377\0007\000.\0004\000.\0001\000\040\000R\000e\000a\000d\000i\000n\000g\000\040\000a\000n\000d\000\040\000w\000r\000i\000t\000i\000n\000g\000\040\000e\000l\000e\000m\000e\000n\000t\000s}{section.7.4}% 91
\BOOKMARK [2][-]{subsection.7.4.2}{\376\377\0007\000.\0004\000.\0002\000\040\000W\000a\000l\000k\000i\000n\000g\000\040\000a\000\040\000v\000e\000c\000t\000o\000r}{section.7.4}% 92
\BOOKMARK [2][-]{subsection.7.4.3}{\376\377\0007\000.\0004\000.\0003\000\040\000R\000e\000m\000o\000v\000i\000n\000g\000\040\000f\000r\000o\000m\000\040\000t\000h\000e\000\040\000e\000n\000d}{section.7.4}% 93
\BOOKMARK [2][-]{subsection.7.4.4}{\376\377\0007\000.\0004\000.\0004\000\040\000T\000h\000e\000\040\000c\000o\000m\000m\000o\000n\000\040\000v\000e\000c\000t\000o\000r\000\040\000o\000p\000e\000r\000a\000t\000i\000o\000n\000s}{section.7.4}% 94
\BOOKMARK [1][-]{section.7.5}{\376\377\0007\000.\0005\000\040\000A\000r\000r\000a\000y\000s\000\040\000o\000r\000\040\000v\000e\000c\000t\000o\000r\000s\000?}{chapter.7}% 95
\BOOKMARK [1][-]{section.7.6}{\376\377\0007\000.\0006\000\040\000A\000\040\000w\000o\000r\000k\000e\000d\000\040\000e\000x\000a\000m\000p\000l\000e\000:\000\040\000c\000o\000l\000l\000e\000c\000t\000i\000n\000g\000\040\000e\000v\000e\000n\000\040\000n\000u\000m\000b\000e\000r\000s}{chapter.7}% 96
\BOOKMARK [1][-]{section.7.7}{\376\377\0007\000.\0007\000\040\000C\000h\000a\000p\000t\000e\000r\000\040\000s\000u\000m\000m\000a\000r\000y}{chapter.7}% 97
\BOOKMARK [1][-]{section.7.8}{\376\377\0007\000.\0008\000\040\000E\000x\000e\000r\000c\000i\000s\000e\000s}{chapter.7}% 98
\BOOKMARK [0][-]{chapter.8}{\376\377\0008\000\040\000S\000t\000r\000i\000n\000g\000s\000\040\000a\000n\000d\000\040\000C\000h\000a\000r\000a\000c\000t\000e\000r\000s}{}% 99
\BOOKMARK [1][-]{section.8.1}{\376\377\0008\000.\0001\000\040\000S\000t\000r\000i\000n\000g\000\040\000l\000i\000t\000e\000r\000a\000l\000s}{chapter.8}% 100
\BOOKMARK [1][-]{section.8.2}{\376\377\0008\000.\0002\000\040\000S\000t\000r\000i\000n\000g\000s\000\040\000a\000r\000e\000\040\000i\000m\000m\000u\000t\000a\000b\000l\000e}{chapter.8}% 101
\BOOKMARK [1][-]{section.8.3}{\376\377\0008\000.\0003\000\040\000J\000o\000i\000n\000i\000n\000g\000\040\000s\000t\000r\000i\000n\000g\000s\000\040\000w\000i\000t\000h\000\040\000+}{chapter.8}% 102
\BOOKMARK [1][-]{section.8.4}{\376\377\0008\000.\0004\000\040\000E\000s\000c\000a\000p\000e\000\040\000s\000e\000q\000u\000e\000n\000c\000e\000s}{chapter.8}% 103
\BOOKMARK [1][-]{section.8.5}{\376\377\0008\000.\0005\000\040\000T\000r\000i\000p\000l\000e\000-\000q\000u\000o\000t\000e\000d\000\040\000s\000t\000r\000i\000n\000g\000s}{chapter.8}% 104
\BOOKMARK [1][-]{section.8.6}{\376\377\0008\000.\0006\000\040\000C\000h\000a\000r\000a\000c\000t\000e\000r\000s}{chapter.8}% 105
\BOOKMARK [1][-]{section.8.7}{\376\377\0008\000.\0007\000\040\000S\000t\000r\000i\000n\000g\000s\000\040\000a\000r\000e\000\040\000n\000o\000t\000\040\000i\000n\000d\000e\000x\000e\000d\000\040\000w\000i\000t\000h\000\040\000b\000r\000a\000c\000k\000e\000t\000s}{chapter.8}% 106
\BOOKMARK [1][-]{section.8.8}{\376\377\0008\000.\0008\000\040\000T\000h\000e\000\040\000s\000t\000r\000\040\000m\000o\000d\000u\000l\000e}{chapter.8}% 107
\BOOKMARK [2][-]{subsection.8.8.1}{\376\377\0008\000.\0008\000.\0001\000\040\000C\000a\000s\000e\000\040\000a\000n\000d\000\040\000t\000r\000i\000m\000m\000i\000n\000g}{section.8.8}% 108
\BOOKMARK [2][-]{subsection.8.8.2}{\376\377\0008\000.\0008\000.\0002\000\040\000S\000e\000a\000r\000c\000h\000i\000n\000g\000\040\000a\000n\000d\000\040\000t\000e\000s\000t\000i\000n\000g}{section.8.8}% 109
\BOOKMARK [2][-]{subsection.8.8.3}{\376\377\0008\000.\0008\000.\0003\000\040\000S\000u\000b\000s\000t\000r\000i\000n\000g\000s\000\040\000a\000n\000d\000\040\000r\000e\000p\000l\000a\000c\000e\000m\000e\000n\000t}{section.8.8}% 110
\BOOKMARK [2][-]{subsection.8.8.4}{\376\377\0008\000.\0008\000.\0004\000\040\000C\000o\000n\000v\000e\000r\000t\000i\000n\000g\000\040\000b\000e\000t\000w\000e\000e\000n\000\040\000s\000t\000r\000i\000n\000g\000s\000\040\000a\000n\000d\000\040\000n\000u\000m\000b\000e\000r\000s}{section.8.8}% 111
\BOOKMARK [2][-]{subsection.8.8.5}{\376\377\0008\000.\0008\000.\0005\000\040\000S\000p\000l\000i\000t\000t\000i\000n\000g\000\040\000a\000n\000d\000\040\000j\000o\000i\000n\000i\000n\000g}{section.8.8}% 112
\BOOKMARK [1][-]{section.8.9}{\376\377\0008\000.\0009\000\040\000A\000\040\000w\000o\000r\000k\000e\000d\000\040\000e\000x\000a\000m\000p\000l\000e\000:\000\040\000c\000o\000u\000n\000t\000i\000n\000g\000\040\000w\000o\000r\000d\000s}{chapter.8}% 113
\BOOKMARK [1][-]{section.8.10}{\376\377\0008\000.\0001\0000\000\040\000C\000h\000a\000p\000t\000e\000r\000\040\000s\000u\000m\000m\000a\000r\000y}{chapter.8}% 114
\BOOKMARK [1][-]{section.8.11}{\376\377\0008\000.\0001\0001\000\040\000E\000x\000e\000r\000c\000i\000s\000e\000s}{chapter.8}% 115
\BOOKMARK [0][-]{chapter.9}{\376\377\0009\000\040\000S\000t\000r\000u\000c\000t\000s\000\040\000a\000n\000d\000\040\000M\000e\000t\000h\000o\000d\000s}{}% 116
\BOOKMARK [1][-]{section.9.1}{\376\377\0009\000.\0001\000\040\000D\000e\000f\000i\000n\000i\000n\000g\000\040\000a\000\040\000s\000t\000r\000u\000c\000t}{chapter.9}% 117
\BOOKMARK [1][-]{section.9.2}{\376\377\0009\000.\0002\000\040\000C\000r\000e\000a\000t\000i\000n\000g\000\040\000i\000n\000s\000t\000a\000n\000c\000e\000s}{chapter.9}% 118
\BOOKMARK [1][-]{section.9.3}{\376\377\0009\000.\0003\000\040\000R\000e\000a\000d\000i\000n\000g\000\040\000a\000n\000d\000\040\000c\000h\000a\000n\000g\000i\000n\000g\000\040\000f\000i\000e\000l\000d\000s}{chapter.9}% 119
\BOOKMARK [1][-]{section.9.4}{\376\377\0009\000.\0004\000\040\000S\000t\000r\000u\000c\000t\000s\000\040\000a\000r\000e\000\040\000c\000o\000p\000i\000e\000d\000\040\000b\000y\000\040\000v\000a\000l\000u\000e}{chapter.9}% 120
\BOOKMARK [1][-]{section.9.5}{\376\377\0009\000.\0005\000\040\000M\000e\000t\000h\000o\000d\000s\000:\000\040\000b\000e\000h\000a\000v\000i\000o\000u\000r\000\040\000o\000n\000\040\000a\000\040\000s\000t\000r\000u\000c\000t}{chapter.9}% 121
\BOOKMARK [1][-]{section.9.6}{\376\377\0009\000.\0006\000\040\000M\000e\000t\000h\000o\000d\000s\000\040\000t\000h\000a\000t\000\040\000c\000o\000m\000p\000u\000t\000e\000\040\000a\000n\000d\000\040\000m\000e\000t\000h\000o\000d\000s\000\040\000t\000h\000a\000t\000\040\000a\000c\000t}{chapter.9}% 122
\BOOKMARK [1][-]{section.9.7}{\376\377\0009\000.\0007\000\040\000A\000\040\000f\000u\000l\000l\000e\000r\000\040\000e\000x\000a\000m\000p\000l\000e\000:\000\040\000a\000\040\000b\000a\000n\000k\000\040\000a\000c\000c\000o\000u\000n\000t}{chapter.9}% 123
\BOOKMARK [1][-]{section.9.8}{\376\377\0009\000.\0008\000\040\000S\000t\000r\000u\000c\000t\000s\000\040\000w\000i\000t\000h\000i\000n\000\040\000s\000t\000r\000u\000c\000t\000s}{chapter.9}% 124
\BOOKMARK [1][-]{section.9.9}{\376\377\0009\000.\0009\000\040\000C\000h\000a\000p\000t\000e\000r\000\040\000s\000u\000m\000m\000a\000r\000y}{chapter.9}% 125
\BOOKMARK [1][-]{section.9.10}{\376\377\0009\000.\0001\0000\000\040\000E\000x\000e\000r\000c\000i\000s\000e\000s}{chapter.9}% 126
\BOOKMARK [0][-]{chapter.10}{\376\377\0001\0000\000\040\000E\000n\000u\000m\000s\000\040\000a\000n\000d\000\040\000P\000a\000t\000t\000e\000r\000n\000\040\000M\000a\000t\000c\000h\000i\000n\000g}{}% 127
\BOOKMARK [1][-]{section.10.1}{\376\377\0001\0000\000.\0001\000\040\000D\000e\000f\000i\000n\000i\000n\000g\000\040\000a\000n\000\040\000e\000n\000u\000m}{chapter.10}% 128
\BOOKMARK [1][-]{section.10.2}{\376\377\0001\0000\000.\0002\000\040\000U\000s\000i\000n\000g\000\040\000e\000n\000u\000m\000\040\000v\000a\000l\000u\000e\000s}{chapter.10}% 129
\BOOKMARK [1][-]{section.10.3}{\376\377\0001\0000\000.\0003\000\040\000E\000n\000u\000m\000s\000\040\000a\000r\000e\000\040\000n\000u\000m\000b\000e\000r\000s\000\040\000u\000n\000d\000e\000r\000n\000e\000a\000t\000h}{chapter.10}% 130
\BOOKMARK [2][-]{subsection.10.3.1}{\376\377\0001\0000\000.\0003\000.\0001\000\040\000C\000h\000o\000o\000s\000i\000n\000g\000\040\000t\000h\000e\000\040\000n\000u\000m\000b\000e\000r\000s}{section.10.3}% 131
\BOOKMARK [1][-]{section.10.4}{\376\377\0001\0000\000.\0004\000\040\000P\000a\000t\000t\000e\000r\000n\000\040\000m\000a\000t\000c\000h\000i\000n\000g\000\040\000w\000i\000t\000h\000\040\000i\000f\000/\000e\000l\000s\000e\000\040\000i\000f}{chapter.10}% 132
\BOOKMARK [1][-]{section.10.5}{\376\377\0001\0000\000.\0005\000\040\000E\000n\000u\000m\000s\000\040\000a\000s\000\040\000s\000t\000a\000t\000e\000\040\000m\000a\000c\000h\000i\000n\000e\000s}{chapter.10}% 133
\BOOKMARK [1][-]{section.10.6}{\376\377\0001\0000\000.\0006\000\040\000C\000h\000a\000p\000t\000e\000r\000\040\000s\000u\000m\000m\000a\000r\000y}{chapter.10}% 134
\BOOKMARK [1][-]{section.10.7}{\376\377\0001\0000\000.\0007\000\040\000E\000x\000e\000r\000c\000i\000s\000e\000s}{chapter.10}% 135
\BOOKMARK [0][-]{chapter.11}{\376\377\0001\0001\000\040\000I\000n\000t\000e\000r\000f\000a\000c\000e\000s\000\040\000a\000n\000d\000\040\000P\000o\000l\000y\000m\000o\000r\000p\000h\000i\000s\000m}{}% 136
\BOOKMARK [1][-]{section.11.1}{\376\377\0001\0001\000.\0001\000\040\000D\000e\000f\000i\000n\000i\000n\000g\000\040\000a\000n\000\040\000i\000n\000t\000e\000r\000f\000a\000c\000e}{chapter.11}% 137
\BOOKMARK [1][-]{section.11.2}{\376\377\0001\0001\000.\0002\000\040\000I\000m\000p\000l\000e\000m\000e\000n\000t\000i\000n\000g\000\040\000a\000n\000\040\000i\000n\000t\000e\000r\000f\000a\000c\000e}{chapter.11}% 138
\BOOKMARK [1][-]{section.11.3}{\376\377\0001\0001\000.\0003\000\040\000S\000t\000a\000t\000i\000c\000\040\000p\000o\000l\000y\000m\000o\000r\000p\000h\000i\000s\000m\000:\000\040\000i\000n\000t\000e\000r\000f\000a\000c\000e\000\040\000b\000o\000u\000n\000d\000s}{chapter.11}% 139
\BOOKMARK [1][-]{section.11.4}{\376\377\0001\0001\000.\0004\000\040\000D\000y\000n\000a\000m\000i\000c\000\040\000p\000o\000l\000y\000m\000o\000r\000p\000h\000i\000s\000m\000:\000\040\000d\000y\000n}{chapter.11}% 140
\BOOKMARK [1][-]{section.11.5}{\376\377\0001\0001\000.\0005\000\040\000D\000e\000s\000i\000g\000n\000i\000n\000g\000\040\000w\000i\000t\000h\000\040\000i\000n\000t\000e\000r\000f\000a\000c\000e\000s}{chapter.11}% 141
\BOOKMARK [1][-]{section.11.6}{\376\377\0001\0001\000.\0006\000\040\000C\000h\000a\000p\000t\000e\000r\000\040\000s\000u\000m\000m\000a\000r\000y}{chapter.11}% 142
\BOOKMARK [1][-]{section.11.7}{\376\377\0001\0001\000.\0007\000\040\000E\000x\000e\000r\000c\000i\000s\000e\000s}{chapter.11}% 143
\BOOKMARK [0][-]{chapter.12}{\376\377\0001\0002\000\040\000G\000e\000n\000e\000r\000i\000c\000s}{}% 144
\BOOKMARK [1][-]{section.12.1}{\376\377\0001\0002\000.\0001\000\040\000T\000h\000e\000\040\000p\000r\000o\000b\000l\000e\000m\000\040\000g\000e\000n\000e\000r\000i\000c\000s\000\040\000s\000o\000l\000v\000e}{chapter.12}% 145
\BOOKMARK [1][-]{section.12.2}{\376\377\0001\0002\000.\0002\000\040\000G\000e\000n\000e\000r\000i\000c\000\040\000f\000u\000n\000c\000t\000i\000o\000n\000s}{chapter.12}% 146
\BOOKMARK [1][-]{section.12.3}{\376\377\0001\0002\000.\0003\000\040\000G\000e\000n\000e\000r\000i\000c\000\040\000s\000t\000r\000u\000c\000t\000s}{chapter.12}% 147
\BOOKMARK [1][-]{section.12.4}{\376\377\0001\0002\000.\0004\000\040\000A\000\040\000g\000e\000n\000e\000r\000i\000c\000\040\000c\000o\000n\000t\000a\000i\000n\000e\000r\000:\000\040\000a\000\040\000s\000i\000m\000p\000l\000e\000\040\000s\000t\000a\000c\000k}{chapter.12}% 148
\BOOKMARK [1][-]{section.12.5}{\376\377\0001\0002\000.\0005\000\040\000B\000o\000u\000n\000d\000e\000d\000\040\000g\000e\000n\000e\000r\000i\000c\000s\000\040\000r\000e\000v\000i\000s\000i\000t\000e\000d}{chapter.12}% 149
\BOOKMARK [1][-]{section.12.6}{\376\377\0001\0002\000.\0006\000\040\000H\000o\000w\000\040\000g\000e\000n\000e\000r\000i\000c\000s\000\040\000w\000o\000r\000k\000:\000\040\000m\000o\000n\000o\000m\000o\000r\000p\000h\000i\000z\000a\000t\000i\000o\000n}{chapter.12}% 150
\BOOKMARK [1][-]{section.12.7}{\376\377\0001\0002\000.\0007\000\040\000W\000h\000e\000n\000\040\000t\000o\000\040\000m\000a\000k\000e\000\040\000s\000o\000m\000e\000t\000h\000i\000n\000g\000\040\000g\000e\000n\000e\000r\000i\000c}{chapter.12}% 151
\BOOKMARK [1][-]{section.12.8}{\376\377\0001\0002\000.\0008\000\040\000C\000h\000a\000p\000t\000e\000r\000\040\000s\000u\000m\000m\000a\000r\000y}{chapter.12}% 152
\BOOKMARK [1][-]{section.12.9}{\376\377\0001\0002\000.\0009\000\040\000E\000x\000e\000r\000c\000i\000s\000e\000s}{chapter.12}% 153
\BOOKMARK [0][-]{chapter.13}{\376\377\0001\0003\000\040\000C\000l\000o\000s\000u\000r\000e\000s\000\040\000a\000n\000d\000\040\000L\000a\000m\000b\000d\000a\000s}{}% 154
\BOOKMARK [1][-]{section.13.1}{\376\377\0001\0003\000.\0001\000\040\000F\000u\000n\000c\000t\000i\000o\000n\000s\000\040\000a\000s\000\040\000v\000a\000l\000u\000e\000s}{chapter.13}% 155
\BOOKMARK [2][-]{subsection.13.1.1}{\376\377\0001\0003\000.\0001\000.\0001\000\040\000T\000h\000e\000\040\000t\000y\000p\000e\000\040\000o\000f\000\040\000a\000\040\000f\000u\000n\000c\000t\000i\000o\000n\000\040\000v\000a\000l\000u\000e}{section.13.1}% 156
\BOOKMARK [2][-]{subsection.13.1.2}{\376\377\0001\0003\000.\0001\000.\0002\000\040\000M\000u\000l\000t\000i\000-\000s\000t\000a\000t\000e\000m\000e\000n\000t\000\040\000b\000o\000d\000i\000e\000s}{section.13.1}% 157
\BOOKMARK [1][-]{section.13.2}{\376\377\0001\0003\000.\0002\000\040\000H\000i\000g\000h\000e\000r\000-\000o\000r\000d\000e\000r\000\040\000f\000u\000n\000c\000t\000i\000o\000n\000s}{chapter.13}% 158
\BOOKMARK [1][-]{section.13.3}{\376\377\0001\0003\000.\0003\000\040\000C\000l\000o\000s\000u\000r\000e\000s\000:\000\040\000c\000a\000p\000t\000u\000r\000i\000n\000g\000\040\000t\000h\000e\000\040\000s\000u\000r\000r\000o\000u\000n\000d\000i\000n\000g\000\040\000s\000t\000a\000t\000e}{chapter.13}% 159
\BOOKMARK [1][-]{section.13.4}{\376\377\0001\0003\000.\0004\000\040\000C\000l\000o\000s\000u\000r\000e\000s\000\040\000t\000h\000a\000t\000\040\000r\000e\000m\000e\000m\000b\000e\000r\000\040\000a\000n\000d\000\040\000c\000h\000a\000n\000g\000e\000\040\000s\000t\000a\000t\000e}{chapter.13}% 160
\BOOKMARK [1][-]{section.13.5}{\376\377\0001\0003\000.\0005\000\040\000W\000h\000y\000\040\000c\000l\000o\000s\000u\000r\000e\000s\000\040\000m\000a\000t\000t\000e\000r}{chapter.13}% 161
\BOOKMARK [1][-]{section.13.6}{\376\377\0001\0003\000.\0006\000\040\000C\000h\000a\000p\000t\000e\000r\000\040\000s\000u\000m\000m\000a\000r\000y}{chapter.13}% 162
\BOOKMARK [1][-]{section.13.7}{\376\377\0001\0003\000.\0007\000\040\000E\000x\000e\000r\000c\000i\000s\000e\000s}{chapter.13}% 163
\BOOKMARK [0][-]{chapter.14}{\376\377\0001\0004\000\040\000E\000r\000r\000o\000r\000\040\000H\000a\000n\000d\000l\000i\000n\000g\000\040\000a\000n\000d\000\040\000D\000e\000f\000e\000r\000r\000e\000d\000\040\000E\000x\000e\000c\000u\000t\000i\000o\000n}{}% 164
\BOOKMARK [1][-]{section.14.1}{\376\377\0001\0004\000.\0001\000\040\000S\000a\000l\000a\000m\000'\000s\000\040\000p\000h\000i\000l\000o\000s\000o\000p\000h\000y\000:\000\040\000e\000r\000r\000o\000r\000s\000\040\000a\000r\000e\000\040\000v\000a\000l\000u\000e\000s}{chapter.14}% 165
\BOOKMARK [1][-]{section.14.2}{\376\377\0001\0004\000.\0002\000\040\000P\000a\000t\000t\000e\000r\000n\000\040\0001\000:\000\040\000a\000\040\000b\000o\000o\000l\000e\000a\000n\000\040\000s\000u\000c\000c\000e\000s\000s\000\040\000f\000l\000a\000g}{chapter.14}% 166
\BOOKMARK [1][-]{section.14.3}{\376\377\0001\0004\000.\0003\000\040\000P\000a\000t\000t\000e\000r\000n\000\040\0002\000:\000\040\000a\000\040\000s\000e\000n\000t\000i\000n\000e\000l\000\040\000r\000e\000t\000u\000r\000n\000\040\000v\000a\000l\000u\000e}{chapter.14}% 167
\BOOKMARK [1][-]{section.14.4}{\376\377\0001\0004\000.\0004\000\040\000P\000a\000t\000t\000e\000r\000n\000\040\0003\000:\000\040\000O\000p\000t\000i\000o\000n\000\040\040\024\000\040\000a\000\040\000v\000a\000l\000u\000e\000\040\000t\000h\000a\000t\000\040\000m\000a\000y\000\040\000b\000e\000\040\000a\000b\000s\000e\000n\000t}{chapter.14}% 168
\BOOKMARK [1][-]{section.14.5}{\376\377\0001\0004\000.\0005\000\040\000D\000e\000f\000e\000r\000r\000e\000d\000\040\000e\000x\000e\000c\000u\000t\000i\000o\000n\000\040\000w\000i\000t\000h\000\040\000d\000e\000f\000e\000r}{chapter.14}% 169
\BOOKMARK [2][-]{subsection.14.5.1}{\376\377\0001\0004\000.\0005\000.\0001\000\040\000D\000e\000f\000e\000r\000s\000\040\000r\000u\000n\000\040\000i\000n\000\040\000r\000e\000v\000e\000r\000s\000e\000\040\000o\000r\000d\000e\000r}{section.14.5}% 170
\BOOKMARK [2][-]{subsection.14.5.2}{\376\377\0001\0004\000.\0005\000.\0002\000\040\000D\000e\000f\000e\000r\000\040\000r\000u\000n\000s\000\040\000e\000v\000e\000n\000\040\000o\000n\000\040\000a\000n\000\040\000e\000a\000r\000l\000y\000\040\000r\000e\000t\000u\000r\000n}{section.14.5}% 171
\BOOKMARK [1][-]{section.14.6}{\376\377\0001\0004\000.\0006\000\040\000P\000u\000t\000t\000i\000n\000g\000\040\000i\000t\000\040\000t\000o\000g\000e\000t\000h\000e\000r\000:\000\040\000a\000c\000q\000u\000i\000r\000e\000,\000\040\000d\000e\000f\000e\000r\000,\000\040\000u\000s\000e}{chapter.14}% 172
\BOOKMARK [1][-]{section.14.7}{\376\377\0001\0004\000.\0007\000\040\000C\000h\000a\000p\000t\000e\000r\000\040\000s\000u\000m\000m\000a\000r\000y}{chapter.14}% 173
\BOOKMARK [1][-]{section.14.8}{\376\377\0001\0004\000.\0008\000\040\000E\000x\000e\000r\000c\000i\000s\000e\000s}{chapter.14}% 174
\BOOKMARK [0][-]{chapter.15}{\376\377\0001\0005\000\040\000M\000o\000d\000u\000l\000e\000s\000\040\000a\000n\000d\000\040\000P\000a\000c\000k\000a\000g\000e\000s}{}% 175
\BOOKMARK [1][-]{section.15.1}{\376\377\0001\0005\000.\0001\000\040\000I\000m\000p\000o\000r\000t\000i\000n\000g\000\040\000t\000h\000e\000\040\000s\000t\000a\000n\000d\000a\000r\000d\000\040\000l\000i\000b\000r\000a\000r\000y}{chapter.15}% 176
\BOOKMARK [1][-]{section.15.2}{\376\377\0001\0005\000.\0002\000\040\000I\000m\000p\000o\000r\000t\000i\000n\000g\000\040\000s\000e\000v\000e\000r\000a\000l\000\040\000m\000o\000d\000u\000l\000e\000s}{chapter.15}% 177
\BOOKMARK [1][-]{section.15.3}{\376\377\0001\0005\000.\0003\000\040\000A\000l\000i\000a\000s\000i\000n\000g\000\040\000a\000n\000\040\000i\000m\000p\000o\000r\000t}{chapter.15}% 178
\BOOKMARK [1][-]{section.15.4}{\376\377\0001\0005\000.\0004\000\040\000H\000o\000w\000\040\000i\000m\000p\000o\000r\000t\000s\000\040\000a\000r\000e\000\040\000r\000e\000s\000o\000l\000v\000e\000d}{chapter.15}% 179
\BOOKMARK [1][-]{section.15.5}{\376\377\0001\0005\000.\0005\000\040\000W\000r\000i\000t\000i\000n\000g\000\040\000y\000o\000u\000r\000\040\000o\000w\000n\000\040\000m\000o\000d\000u\000l\000e\000s}{chapter.15}% 180
\BOOKMARK [2][-]{subsection.15.5.1}{\376\377\0001\0005\000.\0005\000.\0001\000\040\000D\000e\000c\000l\000a\000r\000i\000n\000g\000\040\000a\000\040\000p\000a\000c\000k\000a\000g\000e}{section.15.5}% 181
\BOOKMARK [2][-]{subsection.15.5.2}{\376\377\0001\0005\000.\0005\000.\0002\000\040\000E\000x\000p\000o\000s\000i\000n\000g\000\040\000n\000a\000m\000e\000s\000\040\000w\000i\000t\000h\000\040\000p\000u\000b}{section.15.5}% 182
\BOOKMARK [1][-]{section.15.6}{\376\377\0001\0005\000.\0006\000\040\000A\000\040\000t\000o\000u\000r\000\040\000o\000f\000\040\000t\000h\000e\000\040\000s\000t\000a\000n\000d\000a\000r\000d\000\040\000l\000i\000b\000r\000a\000r\000y\000'\000s\000\040\000l\000a\000y\000o\000u\000t}{chapter.15}% 183
\BOOKMARK [1][-]{section.15.7}{\376\377\0001\0005\000.\0007\000\040\000C\000h\000a\000p\000t\000e\000r\000\040\000s\000u\000m\000m\000a\000r\000y}{chapter.15}% 184
\BOOKMARK [1][-]{section.15.8}{\376\377\0001\0005\000.\0008\000\040\000E\000x\000e\000r\000c\000i\000s\000e\000s}{chapter.15}% 185
\BOOKMARK [0][-]{chapter.16}{\376\377\0001\0006\000\040\000T\000h\000e\000\040\000S\000t\000a\000n\000d\000a\000r\000d\000\040\000L\000i\000b\000r\000a\000r\000y\000,\000\040\000P\000a\000r\000t\000\040\0001}{}% 186
\BOOKMARK [1][-]{section.16.1}{\376\377\0001\0006\000.\0001\000\040\000I\000n\000p\000u\000t\000\040\000a\000n\000d\000\040\000o\000u\000t\000p\000u\000t\000:\000\040\000i\000o}{chapter.16}% 187
\BOOKMARK [1][-]{section.16.2}{\376\377\0001\0006\000.\0002\000\040\000F\000o\000r\000m\000a\000t\000t\000i\000n\000g\000\040\000v\000a\000l\000u\000e\000s\000:\000\040\000f\000m\000t}{chapter.16}% 188
\BOOKMARK [1][-]{section.16.3}{\376\377\0001\0006\000.\0003\000\040\000M\000a\000t\000h\000e\000m\000a\000t\000i\000c\000s\000:\000\040\000m\000a\000t\000h}{chapter.16}% 189
\BOOKMARK [2][-]{subsection.16.3.1}{\376\377\0001\0006\000.\0003\000.\0001\000\040\000R\000o\000u\000n\000d\000i\000n\000g\000\040\000a\000n\000d\000\040\000s\000i\000g\000n}{section.16.3}% 190
\BOOKMARK [2][-]{subsection.16.3.2}{\376\377\0001\0006\000.\0003\000.\0002\000\040\000R\000o\000o\000t\000s\000,\000\040\000p\000o\000w\000e\000r\000s\000,\000\040\000a\000n\000d\000\040\000l\000o\000g\000a\000r\000i\000t\000h\000m\000s}{section.16.3}% 191
\BOOKMARK [2][-]{subsection.16.3.3}{\376\377\0001\0006\000.\0003\000.\0003\000\040\000A\000\040\000r\000e\000f\000e\000r\000e\000n\000c\000e\000\040\000o\000f\000\040\000c\000o\000m\000m\000o\000n\000\040\000m\000a\000t\000h\000\040\000f\000u\000n\000c\000t\000i\000o\000n\000s}{section.16.3}% 192
\BOOKMARK [2][-]{subsection.16.3.4}{\376\377\0001\0006\000.\0003\000.\0004\000\040\000I\000n\000t\000e\000g\000e\000r\000\040\000h\000e\000l\000p\000e\000r\000s}{section.16.3}% 193
\BOOKMARK [1][-]{section.16.4}{\376\377\0001\0006\000.\0004\000\040\000R\000a\000n\000d\000o\000m\000n\000e\000s\000s\000:\000\040\000r\000a\000n\000d}{chapter.16}% 194
\BOOKMARK [1][-]{section.16.5}{\376\377\0001\0006\000.\0005\000\040\000T\000i\000m\000e\000:\000\040\000t\000i\000m\000e}{chapter.16}% 195
\BOOKMARK [1][-]{section.16.6}{\376\377\0001\0006\000.\0006\000\040\000S\000t\000r\000i\000n\000g\000s\000:\000\040\000a\000\040\000r\000e\000m\000i\000n\000d\000e\000r}{chapter.16}% 196
\BOOKMARK [1][-]{section.16.7}{\376\377\0001\0006\000.\0007\000\040\000A\000\040\000w\000o\000r\000k\000e\000d\000\040\000e\000x\000a\000m\000p\000l\000e\000:\000\040\000a\000\040\000g\000u\000e\000s\000s\000i\000n\000g\000\040\000g\000a\000m\000e}{chapter.16}% 197
\BOOKMARK [1][-]{section.16.8}{\376\377\0001\0006\000.\0008\000\040\000C\000h\000a\000p\000t\000e\000r\000\040\000s\000u\000m\000m\000a\000r\000y}{chapter.16}% 198
\BOOKMARK [1][-]{section.16.9}{\376\377\0001\0006\000.\0009\000\040\000E\000x\000e\000r\000c\000i\000s\000e\000s}{chapter.16}% 199
\BOOKMARK [0][-]{chapter.17}{\376\377\0001\0007\000\040\000T\000h\000e\000\040\000S\000t\000a\000n\000d\000a\000r\000d\000\040\000L\000i\000b\000r\000a\000r\000y\000,\000\040\000P\000a\000r\000t\000\040\0002}{}% 200
\BOOKMARK [1][-]{section.17.1}{\376\377\0001\0007\000.\0001\000\040\000C\000o\000l\000l\000e\000c\000t\000i\000o\000n\000s\000\040\000b\000e\000y\000o\000n\000d\000\040\000t\000h\000e\000\040\000v\000e\000c\000t\000o\000r}{chapter.17}% 201
\BOOKMARK [2][-]{subsection.17.1.1}{\376\377\0001\0007\000.\0001\000.\0001\000\040\000H\000a\000s\000h\000M\000a\000p\000:\000\040\000k\000e\000y\000-\000v\000a\000l\000u\000e\000\040\000l\000o\000o\000k\000u\000p}{section.17.1}% 202
\BOOKMARK [2][-]{subsection.17.1.2}{\376\377\0001\0007\000.\0001\000.\0002\000\040\000S\000t\000a\000c\000k\000\040\000a\000n\000d\000\040\000Q\000u\000e\000u\000e}{section.17.1}% 203
\BOOKMARK [1][-]{section.17.2}{\376\377\0001\0007\000.\0002\000\040\000R\000e\000a\000d\000i\000n\000g\000\040\000a\000n\000d\000\040\000w\000r\000i\000t\000i\000n\000g\000\040\000f\000i\000l\000e\000s}{chapter.17}% 204
\BOOKMARK [1][-]{section.17.3}{\376\377\0001\0007\000.\0003\000\040\000T\000h\000e\000\040\000o\000p\000e\000r\000a\000t\000i\000n\000g\000\040\000s\000y\000s\000t\000e\000m\000:\000\040\000o\000s}{chapter.17}% 205
\BOOKMARK [1][-]{section.17.4}{\376\377\0001\0007\000.\0004\000\040\000W\000o\000r\000k\000i\000n\000g\000\040\000w\000i\000t\000h\000\040\000J\000S\000O\000N}{chapter.17}% 206
\BOOKMARK [1][-]{section.17.5}{\376\377\0001\0007\000.\0005\000\040\000P\000a\000t\000t\000e\000r\000n\000\040\000m\000a\000t\000c\000h\000i\000n\000g\000\040\000w\000i\000t\000h\000\040\000r\000e\000g\000u\000l\000a\000r\000\040\000e\000x\000p\000r\000e\000s\000s\000i\000o\000n\000s}{chapter.17}% 207
\BOOKMARK [1][-]{section.17.6}{\376\377\0001\0007\000.\0006\000\040\000O\000t\000h\000e\000r\000\040\000d\000a\000t\000a\000-\000f\000o\000r\000m\000a\000t\000\040\000m\000o\000d\000u\000l\000e\000s}{chapter.17}% 208
\BOOKMARK [1][-]{section.17.7}{\376\377\0001\0007\000.\0007\000\040\000A\000\040\000w\000o\000r\000k\000e\000d\000\040\000e\000x\000a\000m\000p\000l\000e\000:\000\040\000w\000o\000r\000d\000\040\000f\000r\000e\000q\000u\000e\000n\000c\000i\000e\000s}{chapter.17}% 209
\BOOKMARK [1][-]{section.17.8}{\376\377\0001\0007\000.\0008\000\040\000C\000h\000a\000p\000t\000e\000r\000\040\000s\000u\000m\000m\000a\000r\000y}{chapter.17}% 210
\BOOKMARK [1][-]{section.17.9}{\376\377\0001\0007\000.\0009\000\040\000E\000x\000e\000r\000c\000i\000s\000e\000s}{chapter.17}% 211
\BOOKMARK [0][-]{chapter.18}{\376\377\0001\0008\000\040\000M\000e\000m\000o\000r\000y\000\040\000M\000a\000n\000a\000g\000e\000m\000e\000n\000t}{}% 212
\BOOKMARK [1][-]{section.18.1}{\376\377\0001\0008\000.\0001\000\040\000T\000w\000o\000\040\000k\000i\000n\000d\000s\000\040\000o\000f\000\040\000m\000e\000m\000o\000r\000y}{chapter.18}% 213
\BOOKMARK [1][-]{section.18.2}{\376\377\0001\0008\000.\0002\000\040\000V\000a\000l\000u\000e\000s\000\040\000t\000h\000a\000t\000\040\000m\000a\000n\000a\000g\000e\000\040\000t\000h\000e\000m\000s\000e\000l\000v\000e\000s}{chapter.18}% 214
\BOOKMARK [1][-]{section.18.3}{\376\377\0001\0008\000.\0003\000\040\000C\000o\000n\000t\000a\000i\000n\000e\000r\000s\000\040\000y\000o\000u\000\040\000m\000u\000s\000t\000\040\000f\000r\000e\000e}{chapter.18}% 215
\BOOKMARK [2][-]{subsection.18.3.1}{\376\377\0001\0008\000.\0003\000.\0001\000\040\000P\000a\000i\000r\000i\000n\000g\000\040\000c\000r\000e\000a\000t\000i\000o\000n\000\040\000w\000i\000t\000h\000\040\000f\000r\000e\000e\000\040\000u\000s\000i\000n\000g\000\040\000d\000e\000f\000e\000r}{section.18.3}% 216
\BOOKMARK [1][-]{section.18.4}{\376\377\0001\0008\000.\0004\000\040\000N\000o\000\040\000h\000i\000d\000d\000e\000n\000\040\000o\000w\000n\000e\000r\000s\000h\000i\000p\000\040\000r\000u\000l\000e\000s}{chapter.18}% 217
\BOOKMARK [1][-]{section.18.5}{\376\377\0001\0008\000.\0005\000\040\000M\000a\000n\000u\000a\000l\000\040\000m\000e\000m\000o\000r\000y\000\040\000w\000i\000t\000h\000\040\000m\000e\000m}{chapter.18}% 218
\BOOKMARK [1][-]{section.18.6}{\376\377\0001\0008\000.\0006\000\040\000C\000h\000a\000p\000t\000e\000r\000\040\000s\000u\000m\000m\000a\000r\000y}{chapter.18}% 219
\BOOKMARK [1][-]{section.18.7}{\376\377\0001\0008\000.\0007\000\040\000E\000x\000e\000r\000c\000i\000s\000e\000s}{chapter.18}% 220
\BOOKMARK [0][-]{chapter.19}{\376\377\0001\0009\000\040\000T\000h\000e\000\040\000F\000o\000r\000e\000i\000g\000n\000\040\000F\000u\000n\000c\000t\000i\000o\000n\000\040\000I\000n\000t\000e\000r\000f\000a\000c\000e}{}% 221
\BOOKMARK [1][-]{section.19.1}{\376\377\0001\0009\000.\0001\000\040\000D\000e\000c\000l\000a\000r\000i\000n\000g\000\040\000a\000\040\000C\000\040\000f\000u\000n\000c\000t\000i\000o\000n}{chapter.19}% 222
\BOOKMARK [1][-]{section.19.2}{\376\377\0001\0009\000.\0002\000\040\000H\000o\000w\000\040\000S\000a\000l\000a\000m\000\040\000t\000y\000p\000e\000s\000\040\000m\000a\000p\000\040\000t\000o\000\040\000C}{chapter.19}% 223
\BOOKMARK [1][-]{section.19.3}{\376\377\0001\0009\000.\0003\000\040\000C\000a\000l\000l\000i\000n\000g\000\040\000t\000h\000e\000\040\000C\000\040\000m\000a\000t\000h\000\040\000l\000i\000b\000r\000a\000r\000y}{chapter.19}% 224
\BOOKMARK [1][-]{section.19.4}{\376\377\0001\0009\000.\0004\000\040\000L\000i\000n\000k\000i\000n\000g\000\040\000e\000x\000t\000e\000r\000n\000a\000l\000\040\000l\000i\000b\000r\000a\000r\000i\000e\000s}{chapter.19}% 225
\BOOKMARK [1][-]{section.19.5}{\376\377\0001\0009\000.\0005\000\040\000W\000o\000r\000k\000i\000n\000g\000\040\000w\000i\000t\000h\000\040\000p\000o\000i\000n\000t\000e\000r\000s\000\040\000a\000c\000r\000o\000s\000s\000\040\000t\000h\000e\000\040\000b\000o\000u\000n\000d\000a\000r\000y}{chapter.19}% 226
\BOOKMARK [1][-]{section.19.6}{\376\377\0001\0009\000.\0006\000\040\000W\000h\000e\000n\000\040\000t\000o\000\040\000u\000s\000e\000\040\000t\000h\000e\000\040\000F\000F\000I}{chapter.19}% 227
\BOOKMARK [1][-]{section.19.7}{\376\377\0001\0009\000.\0007\000\040\000C\000h\000a\000p\000t\000e\000r\000\040\000s\000u\000m\000m\000a\000r\000y}{chapter.19}% 228
\BOOKMARK [1][-]{section.19.8}{\376\377\0001\0009\000.\0008\000\040\000E\000x\000e\000r\000c\000i\000s\000e\000s}{chapter.19}% 229
\BOOKMARK [0][-]{chapter.20}{\376\377\0002\0000\000\040\000C\000o\000n\000c\000u\000r\000r\000e\000n\000c\000y}{}% 230
\BOOKMARK [1][-]{section.20.1}{\376\377\0002\0000\000.\0001\000\040\000T\000h\000r\000e\000a\000d\000s\000:\000\040\000r\000u\000n\000n\000i\000n\000g\000\040\000c\000o\000d\000e\000\040\000i\000n\000\040\000p\000a\000r\000a\000l\000l\000e\000l}{chapter.20}% 231
\BOOKMARK [1][-]{section.20.2}{\376\377\0002\0000\000.\0002\000\040\000T\000h\000e\000\040\000d\000a\000n\000g\000e\000r\000\040\000o\000f\000\040\000s\000h\000a\000r\000e\000d\000\040\000d\000a\000t\000a}{chapter.20}% 232
\BOOKMARK [1][-]{section.20.3}{\376\377\0002\0000\000.\0003\000\040\000M\000u\000t\000e\000x\000e\000s\000:\000\040\000o\000n\000e\000\040\000a\000t\000\040\000a\000\040\000t\000i\000m\000e}{chapter.20}% 233
\BOOKMARK [1][-]{section.20.4}{\376\377\0002\0000\000.\0004\000\040\000W\000a\000i\000t\000i\000n\000g\000\040\000f\000o\000r\000\040\000m\000a\000n\000y\000\040\000t\000h\000r\000e\000a\000d\000s}{chapter.20}% 234
\BOOKMARK [1][-]{section.20.5}{\376\377\0002\0000\000.\0005\000\040\000W\000h\000e\000n\000\040\000c\000o\000n\000c\000u\000r\000r\000e\000n\000c\000y\000\040\000p\000a\000y\000s\000\040\040\024\000\040\000a\000n\000d\000\040\000w\000h\000e\000n\000\040\000i\000t\000\040\000c\000o\000s\000t\000s}{chapter.20}% 235
\BOOKMARK [1][-]{section.20.6}{\376\377\0002\0000\000.\0006\000\040\000C\000h\000a\000p\000t\000e\000r\000\040\000s\000u\000m\000m\000a\000r\000y}{chapter.20}% 236
\BOOKMARK [1][-]{section.20.7}{\376\377\0002\0000\000.\0007\000\040\000E\000x\000e\000r\000c\000i\000s\000e\000s}{chapter.20}% 237
\BOOKMARK [0][-]{chapter.21}{\376\377\0002\0001\000\040\000T\000e\000s\000t\000i\000n\000g\000\040\000a\000n\000d\000\040\000D\000e\000b\000u\000g\000g\000i\000n\000g}{}% 238
\BOOKMARK [1][-]{section.21.1}{\376\377\0002\0001\000.\0001\000\040\000W\000h\000y\000\040\000t\000e\000s\000t\000?}{chapter.21}% 239
\BOOKMARK [1][-]{section.21.2}{\376\377\0002\0001\000.\0002\000\040\000A\000s\000s\000e\000r\000t\000i\000o\000n\000s\000\040\000w\000i\000t\000h\000\040\000t\000h\000e\000\040\000t\000e\000s\000t\000i\000n\000g\000\040\000m\000o\000d\000u\000l\000e}{chapter.21}% 240
\BOOKMARK [2][-]{subsection.21.2.1}{\376\377\0002\0001\000.\0002\000.\0001\000\040\000T\000h\000e\000\040\000a\000s\000s\000e\000r\000t\000i\000o\000n\000\040\000f\000u\000n\000c\000t\000i\000o\000n\000s}{section.21.2}% 241
\BOOKMARK [2][-]{subsection.21.2.2}{\376\377\0002\0001\000.\0002\000.\0002\000\040\000R\000e\000a\000d\000i\000n\000g\000\040\000a\000\040\000f\000a\000i\000l\000u\000r\000e}{section.21.2}% 242
\BOOKMARK [1][-]{section.21.3}{\376\377\0002\0001\000.\0003\000\040\000O\000r\000g\000a\000n\000i\000s\000i\000n\000g\000\040\000t\000e\000s\000t\000s}{chapter.21}% 243
\BOOKMARK [1][-]{section.21.4}{\376\377\0002\0001\000.\0004\000\040\000D\000e\000b\000u\000g\000g\000i\000n\000g\000:\000\040\000f\000i\000n\000d\000i\000n\000g\000\040\000o\000u\000t\000\040\000w\000h\000y}{chapter.21}% 244
\BOOKMARK [2][-]{subsection.21.4.1}{\376\377\0002\0001\000.\0004\000.\0001\000\040\000P\000r\000i\000n\000t\000\040\000d\000e\000b\000u\000g\000g\000i\000n\000g}{section.21.4}% 245
\BOOKMARK [2][-]{subsection.21.4.2}{\376\377\0002\0001\000.\0004\000.\0002\000\040\000L\000e\000t\000\040\000t\000h\000e\000\040\000c\000o\000m\000p\000i\000l\000e\000r\000\040\000h\000e\000l\000p}{section.21.4}% 246
\BOOKMARK [2][-]{subsection.21.4.3}{\376\377\0002\0001\000.\0004\000.\0003\000\040\000H\000e\000a\000v\000i\000e\000r\000\040\000t\000o\000o\000l\000s}{section.21.4}% 247
\BOOKMARK [1][-]{section.21.5}{\376\377\0002\0001\000.\0005\000\040\000C\000h\000a\000p\000t\000e\000r\000\040\000s\000u\000m\000m\000a\000r\000y}{chapter.21}% 248
\BOOKMARK [1][-]{section.21.6}{\376\377\0002\0001\000.\0006\000\040\000E\000x\000e\000r\000c\000i\000s\000e\000s}{chapter.21}% 249
\BOOKMARK [0][-]{chapter.22}{\376\377\0002\0002\000\040\000B\000i\000l\000i\000n\000g\000u\000a\000l\000\040\000P\000r\000o\000g\000r\000a\000m\000m\000i\000n\000g\000\040\000i\000n\000\040\000S\000a\000l\000a\000m}{}% 250
\BOOKMARK [1][-]{section.22.1}{\376\377\0002\0002\000.\0001\000\040\000O\000n\000e\000\040\000l\000a\000n\000g\000u\000a\000g\000e\000,\000\040\000t\000w\000o\000\040\000v\000o\000c\000a\000b\000u\000l\000a\000r\000i\000e\000s}{chapter.22}% 251
\BOOKMARK [1][-]{section.22.2}{\376\377\0002\0002\000.\0002\000\040\000T\000h\000e\000\040\000k\000e\000y\000w\000o\000r\000d\000\040\000e\000q\000u\000i\000v\000a\000l\000e\000n\000t\000s}{chapter.22}% 252
\BOOKMARK [1][-]{section.22.3}{\376\377\0002\0002\000.\0003\000\040\000C\000o\000m\000p\000i\000l\000i\000n\000g\000\040\000a\000\040\000P\000e\000r\000s\000i\000a\000n\000\040\000p\000r\000o\000g\000r\000a\000m}{chapter.22}% 253
\BOOKMARK [1][-]{section.22.4}{\376\377\0002\0002\000.\0004\000\040\000W\000h\000a\000t\000\040\000y\000o\000u\000\040\000c\000a\000n\000\040\000m\000i\000x}{chapter.22}% 254
\BOOKMARK [1][-]{section.22.5}{\376\377\0002\0002\000.\0005\000\040\000W\000h\000y\000\040\000b\000i\000l\000i\000n\000g\000u\000a\000l\000i\000s\000m\000\040\000m\000a\000t\000t\000e\000r\000s}{chapter.22}% 255
\BOOKMARK [1][-]{section.22.6}{\376\377\0002\0002\000.\0006\000\040\000C\000h\000a\000p\000t\000e\000r\000\040\000s\000u\000m\000m\000a\000r\000y}{chapter.22}% 256
\BOOKMARK [1][-]{section.22.7}{\376\377\0002\0002\000.\0007\000\040\000E\000x\000e\000r\000c\000i\000s\000e\000s}{chapter.22}% 257
\BOOKMARK [0][-]{chapter.23}{\376\377\0002\0003\000\040\000A\000d\000v\000a\000n\000c\000e\000d\000\040\000T\000o\000p\000i\000c\000s\000\040\000a\000n\000d\000\040\000B\000e\000s\000t\000\040\000P\000r\000a\000c\000t\000i\000c\000e\000s}{}% 258
\BOOKMARK [1][-]{section.23.1}{\376\377\0002\0003\000.\0001\000\040\000P\000e\000r\000f\000o\000r\000m\000a\000n\000c\000e\000:\000\040\000f\000a\000s\000t\000\040\000b\000y\000\040\000d\000e\000f\000a\000u\000l\000t\000,\000\040\000f\000a\000s\000t\000e\000r\000\040\000w\000i\000t\000h\000\040\000c\000a\000r\000e}{chapter.23}% 259
\BOOKMARK [1][-]{section.23.2}{\376\377\0002\0003\000.\0002\000\040\000S\000t\000r\000u\000c\000t\000u\000r\000i\000n\000g\000\040\000a\000\040\000p\000r\000o\000g\000r\000a\000m}{chapter.23}% 260
\BOOKMARK [1][-]{section.23.3}{\376\377\0002\0003\000.\0003\000\040\000C\000o\000d\000i\000n\000g\000\040\000s\000t\000y\000l\000e}{chapter.23}% 261
\BOOKMARK [1][-]{section.23.4}{\376\377\0002\0003\000.\0004\000\040\000C\000o\000m\000m\000o\000n\000\040\000p\000i\000t\000f\000a\000l\000l\000s\000,\000\040\000r\000e\000v\000i\000s\000i\000t\000e\000d}{chapter.23}% 262
\BOOKMARK [1][-]{section.23.5}{\376\377\0002\0003\000.\0005\000\040\000W\000h\000e\000r\000e\000\040\000t\000o\000\040\000g\000o\000\040\000n\000e\000x\000t}{chapter.23}% 263
\BOOKMARK [1][-]{section.23.6}{\376\377\0002\0003\000.\0006\000\040\000A\000\040\000c\000l\000o\000s\000i\000n\000g\000\040\000w\000o\000r\000d}{chapter.23}% 264
\BOOKMARK [1][-]{section.23.7}{\376\377\0002\0003\000.\0007\000\040\000C\000h\000a\000p\000t\000e\000r\000\040\000s\000u\000m\000m\000a\000r\000y}{chapter.23}% 265
\BOOKMARK [1][-]{section.23.8}{\376\377\0002\0003\000.\0008\000\040\000E\000x\000e\000r\000c\000i\000s\000e\000s}{chapter.23}% 266
\BOOKMARK [0][-]{appendix.A}{\376\377\000A\000\040\000K\000e\000y\000w\000o\000r\000d\000\040\000R\000e\000f\000e\000r\000e\000n\000c\000e\000\040\000\050\000E\000n\000g\000l\000i\000s\000h\000\040\000/\000\040\000P\000e\000r\000s\000i\000a\000n\000\051}{}% 267
\BOOKMARK [0][-]{appendix.B}{\376\377\000B\000\040\000G\000r\000a\000m\000m\000a\000r\000\040\000\050\000S\000i\000m\000p\000l\000i\000f\000i\000e\000d\000\051}{}% 268
\BOOKMARK [0][-]{appendix.C}{\376\377\000C\000\040\000C\000h\000e\000a\000t\000\040\000S\000h\000e\000e\000t}{}% 269
\BOOKMARK [0][-]{appendix.D}{\376\377\000D\000\040\000S\000o\000l\000u\000t\000i\000o\000n\000s\000\040\000t\000o\000\040\000S\000e\000l\000e\000c\000t\000e\000d\000\040\000E\000x\000e\000r\000c\000i\000s\000e\000s}{}% 270
