\BOOKMARK [0][-]{chapter*.1}{\376\377\006\206\006\251\006\314\006\057\006\107}{}% 1
\BOOKMARK [0][-]{chapter.1}{\376\377\0001\000\040\006\064\006\061\006\110\006\071\006\120\000\040\006\251\006\047\006\061}{}% 2
\BOOKMARK [1][-]{section.1.1}{\376\377\0001\000.\0001\000\040\006\050\006\061\006\106\006\047\006\105\006\107\040\014\006\106\006\110\006\314\006\063\006\314\000\040\006\314\006\071\006\106\006\314\000\040\006\206\006\107\006\037}{chapter.1}% 3
\BOOKMARK [1][-]{section.1.2}{\376\377\0001\000.\0002\000\040\006\251\006\047\006\105\006\176\006\047\006\314\006\104\006\061\000\040\006\206\006\314\006\063\006\052\000\040\006\110\000\040\006\206\006\061\006\047\000\040\006\050\006\107\000\040\006\042\006\106\000\040\006\106\006\314\006\047\006\062\000\040\006\057\006\047\006\061\006\314\006\105\006\037}{chapter.1}% 4
\BOOKMARK [1][-]{section.1.3}{\376\377\0001\000.\0003\000\040\006\042\006\105\006\047\006\057\006\107\040\014\006\063\006\047\006\062\006\314\006\120\000\040\006\251\006\047\006\105\006\176\006\047\006\314\006\104\006\061}{chapter.1}% 5
\BOOKMARK [1][-]{section.1.4}{\376\377\0001\000.\0004\000\040\006\106\006\056\006\063\006\052\006\314\006\106\000\040\006\050\006\061\006\106\006\047\006\105\006\107\000:\000\040\006\063\006\104\006\047\006\105\006\014\000\040\006\057\006\106\006\314\006\047\000!}{chapter.1}% 6
\BOOKMARK [2][-]{subsection.1.4.1}{\376\377\0001\000.\0004\000.\0001\000\040\006\047\006\054\006\061\006\047\006\314\000\040\006\050\006\061\006\106\006\047\006\105\006\107}{section.1.4}% 7
\BOOKMARK [1][-]{section.1.5}{\376\377\0001\000.\0005\000\040\006\251\006\047\006\104\006\050\006\057\006\064\006\251\006\047\006\101\006\314\006\120\000\040\006\106\006\056\006\063\006\052\006\314\006\106\000\040\006\050\006\061\006\106\006\047\006\105\006\107}{chapter.1}% 8
\BOOKMARK [1][-]{section.1.6}{\376\377\0001\000.\0006\000\040\006\107\006\105\006\047\006\106\000\040\006\050\006\061\006\106\006\047\006\105\006\107\000\040\006\050\006\107\000\040\006\047\006\106\006\257\006\104\006\314\006\063\006\314}{chapter.1}% 9
\BOOKMARK [1][-]{section.1.7}{\376\377\0001\000.\0007\000\040\006\206\006\047\006\176\000\040\006\050\006\047\000\040\006\056\006\067\000\040\006\110\000\040\006\050\006\057\006\110\006\106\006\120\000\040\006\056\006\067}{chapter.1}% 10
\BOOKMARK [1][-]{section.1.8}{\376\377\0001\000.\0008\000\040\006\056\006\104\006\047\006\065\006\107\006\124\000\040\006\101\006\065\006\104}{chapter.1}% 11
\BOOKMARK [1][-]{section.1.9}{\376\377\0001\000.\0009\000\040\006\052\006\105\006\061\006\314\006\106\040\014\006\107\006\047}{chapter.1}% 12
\BOOKMARK [0][-]{chapter.2}{\376\377\0002\000\040\006\105\006\052\006\072\006\314\006\061\006\107\006\047\000\040\006\110\000\040\006\047\006\106\006\110\006\047\006\071\006\120\000\040\006\057\006\047\006\057\006\107}{}% 13
\BOOKMARK [1][-]{section.2.1}{\376\377\0002\000.\0001\000\040\006\105\006\052\006\072\006\314\006\061\006\033\000\040\006\054\006\071\006\050\006\107\040\014\006\047\006\314\000\040\006\050\006\047\000\040\006\106\006\047\006\105}{chapter.2}% 14
\BOOKMARK [1][-]{section.2.2}{\376\377\0002\000.\0002\000\040\006\206\006\107\006\047\006\061\000\040\006\064\006\314\006\110\006\107\006\124\000\040\006\063\006\047\006\056\006\052\006\106\006\120\000\040\006\105\006\052\006\072\006\314\006\061}{chapter.2}% 15
\BOOKMARK [2][-]{subsection.2.2.1}{\376\377\0002\000.\0002\000.\0001\000\040\006\105\006\052\006\072\006\314\006\061\000:\000\040\006\054\006\071\006\050\006\107\040\014\006\047\006\314\000\040\006\251\006\107\000\040\006\105\006\314\040\014\006\052\006\110\006\047\006\106\000\040\006\071\006\110\006\066\006\064\000\040\006\251\006\061\006\057}{section.2.2}% 16
\BOOKMARK [2][-]{subsection.2.2.2}{\376\377\0002\000.\0002\000.\0002\000\040\006\053\006\047\006\050\006\052\000:\000\040\006\054\006\071\006\050\006\107\040\014\006\047\006\314\000\040\006\251\006\107\000\040\006\102\006\101\006\104\000\040\006\047\006\063\006\052}{section.2.2}% 17
\BOOKMARK [2][-]{subsection.2.2.3}{\376\377\0002\000.\0002\000.\0003\000\040\006\047\006\071\006\104\006\047\006\106\006\120\000\040\006\063\006\047\006\057\006\107\000:\000\040\006\053\006\047\006\050\006\052\000\040\006\047\006\105\006\047\000\040\006\050\006\314\040\014\006\110\006\047\006\230\006\107}{section.2.2}% 18
\BOOKMARK [2][-]{subsection.2.2.4}{\376\377\0002\000.\0002\000.\0004\000\040\006\056\006\110\006\057\006\251\006\047\006\061\000:\000\040\006\050\006\257\006\060\006\047\006\061\006\314\006\057\000\040\006\063\006\104\006\047\006\105\000\040\006\106\006\110\006\071\000\040\006\061\006\047\000\040\006\055\006\057\006\063\000\040\006\050\006\062\006\106\006\057}{section.2.2}% 19
\BOOKMARK [1][-]{section.2.3}{\376\377\0002\000.\0003\000\040\006\047\006\106\006\110\006\047\006\071\006\120\000\040\006\176\006\047\006\314\006\107\006\124\000\040\006\057\006\047\006\057\006\107}{chapter.2}% 20
\BOOKMARK [2][-]{subsection.2.3.1}{\376\377\0002\000.\0003\000.\0001\000\040\006\047\006\071\006\057\006\047\006\057\006\120\000\040\006\057\006\061\006\063\006\052\000\040\000\050\006\065\006\055\006\314\006\055\000\051}{section.2.3}% 21
\BOOKMARK [2][-]{subsection.2.3.2}{\376\377\0002\000.\0003\000.\0002\000\040\006\047\006\071\006\057\006\047\006\057\006\120\000\040\006\047\006\071\006\064\006\047\006\061\006\314}{section.2.3}% 22
\BOOKMARK [2][-]{subsection.2.3.3}{\376\377\0002\000.\0003\000.\0003\000\040\006\105\006\052\006\106\000\040\000\050\006\061\006\064\006\052\006\107\000\051}{section.2.3}% 23
\BOOKMARK [2][-]{subsection.2.3.4}{\376\377\0002\000.\0003\000.\0004\000\040\006\105\006\102\006\047\006\057\006\314\006\061\006\120\000\040\006\105\006\106\006\067\006\102\006\314\000\040\000\050\006\057\006\061\006\063\006\052\000/\006\106\006\047\006\057\006\061\006\063\006\052\000\051}{section.2.3}% 24
\BOOKMARK [2][-]{subsection.2.3.5}{\376\377\0002\000.\0003\000.\0005\000\040\006\251\006\047\006\061\006\047\006\251\006\052\006\061\000\040\000\050\006\052\006\251\040\014\006\106\006\110\006\314\006\063\006\107\000\051}{section.2.3}% 25
\BOOKMARK [1][-]{section.2.4}{\376\377\0002\000.\0004\000\040\006\054\006\057\006\110\006\104\006\120\000\040\006\251\006\047\006\105\006\104\006\120\000\040\006\047\006\106\006\110\006\047\006\071\006\120\000\040\006\176\006\047\006\314\006\107}{chapter.2}% 26
\BOOKMARK [1][-]{section.2.5}{\376\377\0002\000.\0005\000\040\006\052\006\050\006\057\006\314\006\104\006\120\000\040\006\106\006\110\006\071\000\040\006\050\006\047\000\040\000\253\006\050\006\071\006\106\006\110\006\047\006\106\000\273}{chapter.2}% 27
\BOOKMARK [1][-]{section.2.6}{\376\377\0002\000.\0006\000\040\006\102\006\047\006\071\006\057\006\107\040\014\006\107\006\047\006\314\000\040\006\106\006\047\006\105\040\014\006\257\006\060\006\047\006\061\006\314}{chapter.2}% 28
\BOOKMARK [1][-]{section.2.7}{\376\377\0002\000.\0007\000\040\006\056\006\104\006\047\006\065\006\107\006\124\000\040\006\101\006\065\006\104}{chapter.2}% 29
\BOOKMARK [1][-]{section.2.8}{\376\377\0002\000.\0008\000\040\006\052\006\105\006\061\006\314\006\106\040\014\006\107\006\047}{chapter.2}% 30
\BOOKMARK [0][-]{chapter.3}{\376\377\0003\000\040\006\071\006\105\006\104\006\257\006\061\006\107\006\047\000\040\006\110\000\040\006\071\006\050\006\047\006\061\006\052\040\014\006\107\006\047}{}% 31
\BOOKMARK [1][-]{section.3.1}{\376\377\0003\000.\0001\000\040\006\071\006\050\006\047\006\061\006\052\000\040\006\206\006\314\006\063\006\052\006\037}{chapter.3}% 32
\BOOKMARK [1][-]{section.3.2}{\376\377\0003\000.\0002\000\040\006\071\006\105\006\104\006\257\006\061\006\107\006\047\006\314\000\040\006\055\006\063\006\047\006\050\006\314}{chapter.3}% 33
\BOOKMARK [2][-]{subsection.3.2.1}{\376\377\0003\000.\0002\000.\0001\000\040\006\052\006\102\006\063\006\314\006\105\006\120\000\040\006\065\006\055\006\314\006\055\000\040\006\057\006\061\000\040\006\050\006\061\006\047\006\050\006\061\006\120\000\040\006\052\006\102\006\063\006\314\006\105\006\120\000\040\006\047\006\071\006\064\006\047\006\061\006\314}{section.3.2}% 34
\BOOKMARK [2][-]{subsection.3.2.2}{\376\377\0003\000.\0002\000.\0002\000\040\006\050\006\047\006\102\006\314\040\014\006\105\006\047\006\106\006\057\006\107\000\040\000\050\000\045\000\051\000:\000\040\006\102\006\107\006\061\006\105\006\047\006\106\006\120\000\040\006\176\006\106\006\107\006\047\006\106}{section.3.2}% 35
\BOOKMARK [1][-]{section.3.3}{\376\377\0003\000.\0003\000\040\006\071\006\105\006\104\006\257\006\061\006\107\006\047\006\314\000\040\006\105\006\102\006\047\006\314\006\063\006\107\040\014\006\047\006\314}{chapter.3}% 36
\BOOKMARK [1][-]{section.3.4}{\376\377\0003\000.\0004\000\040\006\071\006\105\006\104\006\257\006\061\006\107\006\047\006\314\000\040\006\105\006\106\006\067\006\102\006\314}{chapter.3}% 37
\BOOKMARK [1][-]{section.3.5}{\376\377\0003\000.\0005\000\040\006\176\006\314\006\110\006\106\006\057\006\120\000\040\006\061\006\064\006\052\006\107\040\014\006\107\006\047}{chapter.3}% 38
\BOOKMARK [1][-]{section.3.6}{\376\377\0003\000.\0006\000\040\006\052\006\061\006\052\006\314\006\050\006\120\000\040\006\047\006\110\006\104\006\110\006\314\006\052\006\120\000\040\006\071\006\105\006\104\006\257\006\061\006\107\006\047}{chapter.3}% 39
\BOOKMARK [1][-]{section.3.7}{\376\377\0003\000.\0007\000\040\006\071\006\105\006\104\006\257\006\061\006\107\006\047\000\040\006\061\006\110\006\314\000\040\006\047\006\106\006\110\006\047\006\071\006\120\000\040\006\056\006\110\006\057\006\105\006\047\006\106}{chapter.3}% 40
\BOOKMARK [1][-]{section.3.8}{\376\377\0003\000.\0008\000\040\006\056\006\104\006\047\006\065\006\107\006\124\000\040\006\101\006\065\006\104}{chapter.3}% 41
\BOOKMARK [1][-]{section.3.9}{\376\377\0003\000.\0009\000\040\006\052\006\105\006\061\006\314\006\106\040\014\006\107\006\047}{chapter.3}% 42
\BOOKMARK [0][-]{chapter.4}{\376\377\0004\000\040\006\064\006\061\006\067\040\014\006\107\006\047\000\040\006\110\000\040\006\052\006\065\006\105\006\314\006\105\040\014\006\257\006\314\006\061\006\314}{}% 43
\BOOKMARK [1][-]{section.4.1}{\376\377\0004\000.\0001\000\040\006\047\006\257\006\061\000:\000\040\006\106\006\056\006\063\006\052\006\314\006\106\000\040\006\052\006\065\006\105\006\314\006\105}{chapter.4}% 44
\BOOKMARK [1][-]{section.4.2}{\376\377\0004\000.\0002\000\040\006\110\006\257\006\061\006\106\006\107\000:\000\040\006\061\006\047\006\107\006\120\000\040\006\057\006\110\006\105}{chapter.4}% 45
\BOOKMARK [1][-]{section.4.3}{\376\377\0004\000.\0003\000\040\006\110\006\257\006\061\006\106\006\107\000\040\006\047\006\257\006\061\000:\000\040\006\206\006\106\006\057\000\040\006\061\006\047\006\107}{chapter.4}% 46
\BOOKMARK [1][-]{section.4.4}{\376\377\0004\000.\0004\000\040\006\064\006\061\006\067\000\040\006\057\006\061\000\040\006\314\006\251\000\040\006\056\006\067}{chapter.4}% 47
\BOOKMARK [1][-]{section.4.5}{\376\377\0004\000.\0005\000\040\006\064\006\061\006\067\040\014\006\107\006\047\006\314\000\040\006\052\006\110\006\057\006\061\006\052\006\110}{chapter.4}% 48
\BOOKMARK [1][-]{section.4.6}{\376\377\0004\000.\0006\000\040\006\105\006\053\006\047\006\104\006\120\000\040\006\251\006\047\006\105\006\104\000:\000\040\006\050\006\047\006\062\006\314\006\120\000\040\006\055\006\057\006\063\006\120\000\040\006\063\006\047\006\057\006\107}{chapter.4}% 49
\BOOKMARK [1][-]{section.4.7}{\376\377\0004\000.\0007\000\040\006\056\006\104\006\047\006\065\006\107\006\124\000\040\006\101\006\065\006\104}{chapter.4}% 50
\BOOKMARK [1][-]{section.4.8}{\376\377\0004\000.\0008\000\040\006\052\006\105\006\061\006\314\006\106\040\014\006\107\006\047}{chapter.4}% 51
\BOOKMARK [0][-]{chapter.5}{\376\377\0005\000\040\006\055\006\104\006\102\006\107\040\014\006\107\006\047}{}% 52
\BOOKMARK [1][-]{section.5.1}{\376\377\0005\000.\0001\000\040\006\052\006\047\006\110\006\102\006\052\006\314\000:\000\040\006\052\006\047\000\040\006\062\006\105\006\047\006\106\006\314\000\040\006\251\006\107\000\040\006\064\006\061\006\067\000\040\006\050\006\061\006\102\006\061\006\047\006\061\000\040\006\047\006\063\006\052}{chapter.5}% 53
\BOOKMARK [1][-]{section.5.2}{\376\377\0005\000.\0002\000\040\006\050\006\061\006\047\006\314\000:\000\040\006\055\006\104\006\102\006\107\006\124\000\040\006\064\006\105\006\047\006\061\006\106\006\057\006\107\040\014\006\057\006\047\006\061}{chapter.5}% 54
\BOOKMARK [1][-]{section.5.3}{\376\377\0005\000.\0003\000\040\006\064\006\251\006\104\040\014\006\251\006\064\006\314\000\040\006\050\006\047\000\040\006\055\006\104\006\102\006\107\040\014\006\107\006\047\006\314\000\040\006\052\006\110\006\057\006\061\006\052\006\110}{chapter.5}% 55
\BOOKMARK [1][-]{section.5.4}{\376\377\0005\000.\0004\000\040\006\052\006\251\006\061\006\047\006\061\000:\000\040\006\063\006\047\006\057\006\107\040\014\006\052\006\061\006\314\006\106\000\040\006\061\006\047\006\107\006\120\000\040\006\052\006\251\006\061\006\047\006\061}{chapter.5}% 56
\BOOKMARK [1][-]{section.5.5}{\376\377\0005\000.\0005\000\040\006\050\006\064\006\251\006\106\000\040\006\110\000\040\006\047\006\057\006\047\006\105\006\107\000:\000\040\006\251\006\106\006\052\006\061\006\104\006\120\000\040\006\057\006\102\006\314\006\102\040\014\006\052\006\061\006\120\000\040\006\055\006\104\006\102\006\107}{chapter.5}% 57
\BOOKMARK [1][-]{section.5.6}{\376\377\0005\000.\0006\000\040\006\105\006\053\006\047\006\104\006\120\000\040\006\251\006\047\006\105\006\104\000:\000\040\006\050\006\047\006\062\006\314\006\120\000\040\006\101\006\314\006\062\006\050\006\047\006\062}{chapter.5}% 58
\BOOKMARK [1][-]{section.5.7}{\376\377\0005\000.\0007\000\040\006\056\006\104\006\047\006\065\006\107\006\124\000\040\006\101\006\065\006\104}{chapter.5}% 59
\BOOKMARK [1][-]{section.5.8}{\376\377\0005\000.\0008\000\040\006\052\006\105\006\061\006\314\006\106\040\014\006\107\006\047}{chapter.5}% 60
\BOOKMARK [0][-]{chapter.6}{\376\377\0006\000\040\006\052\006\110\006\047\006\050\006\071}{}% 61
\BOOKMARK [1][-]{section.6.1}{\376\377\0006\000.\0001\000\040\006\052\006\047\006\050\006\071\000\040\006\206\006\314\006\063\006\052\000\040\006\110\000\040\006\206\006\061\006\047\000\040\006\050\006\107\000\040\006\042\006\106\000\040\006\106\006\314\006\047\006\062\000\040\006\057\006\047\006\061\006\314\006\105\006\037}{chapter.6}% 62
\BOOKMARK [1][-]{section.6.2}{\376\377\0006\000.\0002\000\040\006\063\006\047\006\056\006\052\006\106\006\120\000\040\006\106\006\056\006\063\006\052\006\314\006\106\000\040\006\052\006\047\006\050\006\071}{chapter.6}% 63
\BOOKMARK [1][-]{section.6.3}{\376\377\0006\000.\0003\000\040\006\176\006\047\006\061\006\047\006\105\006\052\006\061\006\107\006\047\000:\000\040\006\110\006\061\006\110\006\057\006\314\006\120\000\040\006\052\006\047\006\050\006\071}{chapter.6}% 64
\BOOKMARK [1][-]{section.6.4}{\376\377\0006\000.\0004\000\040\006\050\006\047\006\062\006\257\006\064\006\052\000:\000\040\006\056\006\061\006\110\006\054\006\314\006\120\000\040\006\052\006\047\006\050\006\071}{chapter.6}% 65
\BOOKMARK [2][-]{subsection.6.4.1}{\376\377\0006\000.\0004\000.\0001\000\040\006\052\006\110\006\047\006\050\006\071\006\120\000\040\006\050\006\057\006\110\006\106\006\120\000\040\006\056\006\061\006\110\006\054\006\314}{section.6.4}% 66
\BOOKMARK [1][-]{section.6.5}{\376\377\0006\000.\0005\000\040\006\050\006\047\006\062\006\257\006\064\006\052\006\314\000:\000\040\006\052\006\047\006\050\006\071\006\314\000\040\006\251\006\107\000\040\006\056\006\110\006\057\006\064\000\040\006\061\006\047\000\040\006\065\006\057\006\047\000\040\006\105\006\314\040\014\006\062\006\106\006\057}{chapter.6}% 67
\BOOKMARK [1][-]{section.6.6}{\376\377\0006\000.\0006\000\040\006\052\006\061\006\052\006\314\006\050\006\120\000\040\006\052\006\071\006\061\006\314\006\101\006\120\000\040\006\052\006\110\006\047\006\050\006\071}{chapter.6}% 68
\BOOKMARK [1][-]{section.6.7}{\376\377\0006\000.\0007\000\040\006\052\006\061\006\251\006\314\006\050\006\120\000\040\006\052\006\110\006\047\006\050\006\071}{chapter.6}% 69
\BOOKMARK [1][-]{section.6.8}{\376\377\0006\000.\0008\000\040\006\056\006\104\006\047\006\065\006\107\006\124\000\040\006\101\006\065\006\104}{chapter.6}% 70
\BOOKMARK [1][-]{section.6.9}{\376\377\0006\000.\0009\000\040\006\052\006\105\006\061\006\314\006\106\040\014\006\107\006\047}{chapter.6}% 71
\BOOKMARK [0][-]{chapter.7}{\376\377\0007\000\040\006\042\006\061\006\047\006\314\006\107\040\014\006\107\006\047\000\040\006\110\000\040\006\050\006\061\006\057\006\047\006\061\006\107\006\047}{}% 72
\BOOKMARK [1][-]{section.7.1}{\376\377\0007\000.\0001\000\040\006\042\006\061\006\047\006\314\006\107\000:\000\040\006\061\006\057\006\314\006\101\006\314\000\040\006\047\006\062\000\040\006\054\006\071\006\050\006\107\040\014\006\107\006\047\000\040\006\050\006\047\000\040\006\047\006\106\006\057\006\047\006\062\006\107\006\124\000\040\006\053\006\047\006\050\006\052}{chapter.7}% 73
\BOOKMARK [2][-]{subsection.7.1.1}{\376\377\0007\000.\0001\000.\0001\000\040\006\057\006\063\006\052\006\061\006\063\006\314\000\040\006\050\006\107\000\040\006\071\006\106\006\047\006\065\006\061\000\040\006\050\006\047\000\040\006\047\006\106\006\057\006\314\006\063}{section.7.1}% 74
\BOOKMARK [2][-]{subsection.7.1.2}{\376\377\0007\000.\0001\000.\0002\000\040\006\067\006\110\006\104\006\120\000\040\006\042\006\061\006\047\006\314\006\107\000\040\006\050\006\047\000\040\000l\000e\000n}{section.7.1}% 75
\BOOKMARK [1][-]{section.7.2}{\376\377\0007\000.\0002\000\040\006\050\006\061\006\057\006\047\006\061\000:\000\040\006\042\006\061\006\047\006\314\006\107\040\014\006\047\006\314\000\040\006\251\006\107\000\040\006\061\006\064\006\057\000\040\006\105\006\314\040\014\006\251\006\106\006\057}{chapter.7}% 76
\BOOKMARK [2][-]{subsection.7.2.1}{\376\377\0007\000.\0002\000.\0001\000\040\006\107\006\105\006\047\006\106\000\040\006\050\006\061\006\057\006\047\006\061\000\040\006\050\006\107\000\040\006\047\006\106\006\257\006\104\006\314\006\063\006\314}{section.7.2}% 77
\BOOKMARK [2][-]{subsection.7.2.2}{\376\377\0007\000.\0002\000.\0002\000\040\006\050\006\061\006\057\006\047\006\061\000\040\006\050\006\107\040\014\006\105\006\053\006\047\006\050\006\107\006\120\000\040\006\176\006\064\006\052\006\107}{section.7.2}% 78
\BOOKMARK [1][-]{section.7.3}{\376\377\0007\000.\0003\000\040\006\042\006\061\006\047\006\314\006\107\000\040\006\314\006\047\000\040\006\050\006\061\006\057\006\047\006\061\006\037\000\040\006\251\006\057\006\047\006\105\000\040\006\061\006\047\000\040\006\050\006\061\006\257\006\062\006\314\006\106\006\314\006\105\006\037}{chapter.7}% 79
\BOOKMARK [1][-]{section.7.4}{\376\377\0007\000.\0004\000\040\006\056\006\104\006\047\006\065\006\107\006\124\000\040\006\101\006\065\006\104}{chapter.7}% 80
\BOOKMARK [1][-]{section.7.5}{\376\377\0007\000.\0005\000\040\006\052\006\105\006\061\006\314\006\106\040\014\006\107\006\047}{chapter.7}% 81
\BOOKMARK [0][-]{chapter.8}{\376\377\0008\000\040\006\061\006\064\006\052\006\107\040\014\006\107\006\047\000\040\006\110\000\040\006\251\006\047\006\061\006\047\006\251\006\052\006\061\006\107\006\047}{}% 82
\BOOKMARK [1][-]{section.8.1}{\376\377\0008\000.\0001\000\040\006\314\006\047\006\057\006\042\006\110\006\061\006\314\000:\000\040\006\061\006\064\006\052\006\107\000\040\006\206\006\314\006\063\006\052\006\037}{chapter.8}% 83
\BOOKMARK [1][-]{section.8.2}{\376\377\0008\000.\0002\000\040\006\206\006\063\006\050\006\047\006\106\006\057\006\106\006\120\000\040\006\061\006\064\006\052\006\107\040\014\006\107\006\047}{chapter.8}% 84
\BOOKMARK [1][-]{section.8.3}{\376\377\0008\000.\0003\000\040\006\176\006\314\006\105\006\047\006\314\006\064\006\120\000\040\006\106\006\110\006\314\006\063\006\107\040\014\006\050\006\107\040\014\006\106\006\110\006\314\006\063\006\107}{chapter.8}% 85
\BOOKMARK [1][-]{section.8.4}{\376\377\0008\000.\0004\000\040\006\047\006\050\006\062\006\047\006\061\006\107\006\047\006\314\000\040\006\042\006\105\006\047\006\057\006\107\006\124\000\040\006\251\006\052\006\047\006\050\006\056\006\047\006\106\006\107\006\124\000\040\006\061\006\064\006\052\006\107}{chapter.8}% 86
\BOOKMARK [1][-]{section.8.5}{\376\377\0008\000.\0005\000\040\006\057\006\106\006\050\006\047\006\104\006\107\040\014\006\107\006\047\006\314\000\040\006\257\006\061\006\314\006\062}{chapter.8}% 87
\BOOKMARK [1][-]{section.8.6}{\376\377\0008\000.\0006\000\040\006\251\006\047\006\061\006\047\006\251\006\052\006\061\000\040\006\057\006\061\000\040\006\050\006\061\006\047\006\050\006\061\006\120\000\040\006\061\006\064\006\052\006\107}{chapter.8}% 88
\BOOKMARK [1][-]{section.8.7}{\376\377\0008\000.\0007\000\040\006\105\006\053\006\047\006\104\006\120\000\040\006\251\006\047\006\105\006\104\000:\000\040\006\064\006\105\006\047\006\061\006\064\006\120\000\040\006\110\006\047\006\230\006\107\040\014\006\107\006\047}{chapter.8}% 89
\BOOKMARK [1][-]{section.8.8}{\376\377\0008\000.\0008\000\040\006\056\006\104\006\047\006\065\006\107\006\124\000\040\006\101\006\065\006\104}{chapter.8}% 90
\BOOKMARK [1][-]{section.8.9}{\376\377\0008\000.\0009\000\040\006\052\006\105\006\061\006\314\006\106\040\014\006\107\006\047}{chapter.8}% 91
\BOOKMARK [0][-]{chapter.9}{\376\377\0009\000\040\006\063\006\047\006\056\006\052\006\047\006\061\006\107\006\047\000\040\006\110\000\040\006\064\006\105\006\047\006\061\006\064\006\314\040\014\006\107\006\047}{}% 92
\BOOKMARK [1][-]{section.9.1}{\376\377\0009\000.\0001\000\040\006\063\006\047\006\056\006\052\006\047\006\061\000:\000\040\006\063\006\047\006\056\006\052\006\106\006\120\000\040\006\106\006\110\006\071\006\120\000\040\006\057\006\104\006\056\006\110\006\047\006\107\006\120\000\040\006\056\006\110\006\057}{chapter.9}% 93
\BOOKMARK [2][-]{subsection.9.1.1}{\376\377\0009\000.\0001\000.\0001\000\040\006\105\006\314\006\057\006\047\006\106\040\014\006\107\006\047\000\040\000\050\000f\000i\000e\000l\000d\000s\000\051}{section.9.1}% 94
\BOOKMARK [2][-]{subsection.9.1.2}{\376\377\0009\000.\0001\000.\0002\000\040\006\063\006\047\006\056\006\052\006\106\006\120\000\040\006\314\006\251\000\040\006\106\006\105\006\110\006\106\006\107}{section.9.1}% 95
\BOOKMARK [2][-]{subsection.9.1.3}{\376\377\0009\000.\0001\000.\0003\000\040\006\105\006\052\006\057\006\107\006\047\000:\000\040\006\052\006\110\006\047\006\050\006\071\006\120\000\040\006\057\006\061\006\110\006\106\006\120\000\040\006\063\006\047\006\056\006\052\006\047\006\061}{section.9.1}% 96
\BOOKMARK [1][-]{section.9.2}{\376\377\0009\000.\0002\000\040\006\052\006\072\006\314\006\314\006\061\006\120\000\040\006\057\006\047\006\057\006\107\040\014\006\107\006\047\000\040\006\047\006\062\000\040\006\057\006\061\006\110\006\106\006\120\000\040\006\105\006\052\006\057}{chapter.9}% 97
\BOOKMARK [1][-]{section.9.3}{\376\377\0009\000.\0003\000\040\006\105\006\053\006\047\006\104\006\120\000\040\006\251\006\047\006\105\006\104\000:\000\040\006\055\006\063\006\047\006\050\006\120\000\040\006\050\006\047\006\106\006\251\006\314}{chapter.9}% 98
\BOOKMARK [1][-]{section.9.4}{\376\377\0009\000.\0004\000\040\006\071\006\105\006\104\006\257\006\061\006\107\006\047\000\040\006\050\006\061\006\047\006\314\000\040\006\063\006\047\006\056\006\052\006\047\006\061\006\107\006\047}{chapter.9}% 99
\BOOKMARK [1][-]{section.9.5}{\376\377\0009\000.\0005\000\040\006\064\006\105\006\047\006\061\006\064\006\314\000:\000\040\006\105\006\054\006\105\006\110\006\071\006\107\040\014\006\047\006\314\000\040\006\047\006\062\000\040\006\106\006\047\006\105\040\014\006\107\006\047\006\314\000\040\006\053\006\047\006\050\006\052}{chapter.9}% 100
\BOOKMARK [2][-]{subsection.9.5.1}{\376\377\0009\000.\0005\000.\0001\000\040\006\064\006\251\006\104\006\120\000\040\006\314\006\251\040\014\006\056\006\067\006\314\000\040\006\110\000\040\006\251\006\047\006\061\006\050\006\061\006\057\006\120\000\040\006\110\006\047\006\102\006\071\006\314}{section.9.5}% 101
\BOOKMARK [1][-]{section.9.6}{\376\377\0009\000.\0006\000\040\006\056\006\104\006\047\006\065\006\107\006\124\000\040\006\101\006\065\006\104}{chapter.9}% 102
\BOOKMARK [1][-]{section.9.7}{\376\377\0009\000.\0007\000\040\006\052\006\105\006\061\006\314\006\106\040\014\006\107\006\047}{chapter.9}% 103
\BOOKMARK [0][-]{chapter.10}{\376\377\0001\0000\000\040\006\110\006\047\006\063\006\067\040\014\006\107\006\047\000\040\006\110\000\040\006\206\006\106\006\057\006\061\006\314\006\056\006\052\006\314}{}% 104
\BOOKMARK [1][-]{section.10.1}{\376\377\0001\0000\000.\0001\000\040\006\105\006\063\006\046\006\104\006\107\000:\000\040\006\061\006\101\006\052\006\047\006\061\006\120\000\040\006\105\006\064\006\052\006\061\006\251\006\014\000\040\006\176\006\314\006\047\006\057\006\107\040\014\006\063\006\047\006\062\006\314\006\120\000\040\006\105\006\052\006\101\006\047\006\110\006\052}{chapter.10}% 105
\BOOKMARK [1][-]{section.10.2}{\376\377\0001\0000\000.\0002\000\040\006\052\006\071\006\061\006\314\006\101\000\040\006\110\000\040\006\176\006\314\006\047\006\057\006\107\040\014\006\063\006\047\006\062\006\314\006\120\000\040\006\110\006\047\006\063\006\067}{chapter.10}% 106
\BOOKMARK [2][-]{subsection.10.2.1}{\376\377\0001\0000\000.\0002\000.\0001\000\040\006\047\006\071\006\104\006\047\006\106\006\120\000\040\006\110\006\047\006\063\006\067}{section.10.2}% 107
\BOOKMARK [2][-]{subsection.10.2.2}{\376\377\0001\0000\000.\0002\000.\0002\000\040\006\176\006\314\006\047\006\057\006\107\040\014\006\063\006\047\006\062\006\314\006\120\000\040\006\110\006\047\006\063\006\067}{section.10.2}% 108
\BOOKMARK [2][-]{subsection.10.2.3}{\376\377\0001\0000\000.\0002\000.\0003\000\040\006\047\006\063\006\052\006\101\006\047\006\057\006\107\006\124\000\040\006\107\006\105\006\257\006\047\006\106\006\314\000\040\006\050\006\047\000\040\000d\000y\000n}{section.10.2}% 109
\BOOKMARK [1][-]{section.10.3}{\376\377\0001\0000\000.\0003\000\040\006\206\006\061\006\047\000\040\006\110\006\047\006\063\006\067\040\014\006\107\006\047\000\040\006\047\006\061\006\062\006\064\006\105\006\106\006\057\006\106\006\057\006\037}{chapter.10}% 110
\BOOKMARK [1][-]{section.10.4}{\376\377\0001\0000\000.\0004\000\040\006\110\006\047\006\063\006\067\000\040\006\057\006\061\000\040\006\050\006\061\006\047\006\050\006\061\006\120\000\040\006\251\006\104\006\314\040\014\006\063\006\047\006\062\006\314}{chapter.10}% 111
\BOOKMARK [1][-]{section.10.5}{\376\377\0001\0000\000.\0005\000\040\006\056\006\104\006\047\006\065\006\107\006\124\000\040\006\101\006\065\006\104}{chapter.10}% 112
\BOOKMARK [1][-]{section.10.6}{\376\377\0001\0000\000.\0006\000\040\006\052\006\105\006\061\006\314\006\106\040\014\006\107\006\047}{chapter.10}% 113
\BOOKMARK [0][-]{chapter.11}{\376\377\0001\0001\000\040\006\251\006\104\006\314\040\014\006\063\006\047\006\062\006\314}{}% 114
\BOOKMARK [1][-]{section.11.1}{\376\377\0001\0001\000.\0001\000\040\006\105\006\063\006\046\006\104\006\107\000:\000\040\006\052\006\251\006\061\006\047\006\061\006\120\000\040\006\314\006\251\000\040\006\105\006\106\006\067\006\102\000\040\006\050\006\061\006\047\006\314\000\040\006\047\006\106\006\110\006\047\006\071\006\120\000\040\006\257\006\110\006\106\006\047\006\257\006\110\006\106}{chapter.11}% 115
\BOOKMARK [1][-]{section.11.2}{\376\377\0001\0001\000.\0002\000\040\006\061\006\047\006\107\006\120\000\040\006\055\006\104\000:\000\040\006\176\006\047\006\061\006\047\006\105\006\052\006\061\006\120\000\040\006\106\006\110\006\071}{chapter.11}% 116
\BOOKMARK [1][-]{section.11.3}{\376\377\0001\0001\000.\0003\000\040\006\063\006\047\006\056\006\052\006\047\006\061\006\107\006\047\006\314\000\040\006\251\006\104\006\314}{chapter.11}% 117
\BOOKMARK [1][-]{section.11.4}{\376\377\0001\0001\000.\0004\000\040\006\251\006\104\006\314\040\014\006\063\006\047\006\062\006\314\000\040\006\050\006\047\000\040\006\206\006\106\006\057\000\040\006\176\006\047\006\061\006\047\006\105\006\052\006\061\006\120\000\040\006\106\006\110\006\071}{chapter.11}% 118
\BOOKMARK [1][-]{section.11.5}{\376\377\0001\0001\000.\0005\000\040\006\206\006\061\006\047\000\040\006\251\006\104\006\314\040\014\006\063\006\047\006\062\006\314\000\040\006\063\006\061\006\314\006\071\000\040\006\047\006\063\006\052\006\037}{chapter.11}% 119
\BOOKMARK [1][-]{section.11.6}{\376\377\0001\0001\000.\0006\000\040\006\251\006\104\006\314\040\014\006\063\006\047\006\062\006\314\000\040\006\057\006\061\000\040\006\050\006\061\006\047\006\050\006\061\006\120\000\040\006\110\006\047\006\063\006\067\000:\000\040\006\251\006\057\006\047\006\105\000\040\006\061\006\047\000\040\006\050\006\061\006\257\006\062\006\314\006\106\006\314\006\105\006\037}{chapter.11}% 120
\BOOKMARK [1][-]{section.11.7}{\376\377\0001\0001\000.\0007\000\040\006\056\006\104\006\047\006\065\006\107\006\124\000\040\006\101\006\065\006\104}{chapter.11}% 121
\BOOKMARK [1][-]{section.11.8}{\376\377\0001\0001\000.\0008\000\040\006\052\006\105\006\061\006\314\006\106\040\014\006\107\006\047}{chapter.11}% 122
\BOOKMARK [0][-]{chapter.12}{\376\377\0001\0002\000\040\006\050\006\063\006\052\006\047\006\061\006\107\006\047\000\040\006\110\000\040\006\071\006\050\006\047\006\061\006\052\040\014\006\107\006\047\006\314\000\040\006\104\006\047\006\105\006\050\006\057\006\047}{}% 123
\BOOKMARK [1][-]{section.12.1}{\376\377\0001\0002\000.\0001\000\040\006\052\006\047\006\050\006\071\000\040\006\050\006\107\040\014\006\105\006\053\006\047\006\050\006\107\006\120\000\040\006\105\006\102\006\057\006\047\006\061}{chapter.12}% 124
\BOOKMARK [2][-]{subsection.12.1.1}{\376\377\0001\0002\000.\0001\000.\0001\000\040\006\106\006\110\006\071\006\120\000\040\006\052\006\047\006\050\006\071}{section.12.1}% 125
\BOOKMARK [2][-]{subsection.12.1.2}{\376\377\0001\0002\000.\0001\000.\0002\000\040\006\071\006\050\006\047\006\061\006\052\006\120\000\040\006\104\006\047\006\105\006\050\006\057\006\047}{section.12.1}% 126
\BOOKMARK [2][-]{subsection.12.1.3}{\376\377\0001\0002\000.\0001\000.\0003\000\040\006\052\006\047\006\050\006\071\006\314\000\040\006\251\006\107\000\040\006\052\006\047\006\050\006\071\000\040\006\105\006\314\040\014\006\257\006\314\006\061\006\057}{section.12.1}% 127
\BOOKMARK [1][-]{section.12.2}{\376\377\0001\0002\000.\0002\000\040\006\050\006\063\006\052\006\047\006\061\000:\000\040\006\104\006\047\006\105\006\050\006\057\006\047\006\314\006\314\000\040\006\251\006\107\000\040\006\105\006\055\006\314\006\067\006\064\000\040\006\061\006\047\000\040\006\050\006\107\000\040\006\056\006\047\006\067\006\061\000\040\006\105\006\314\040\014\006\063\006\176\006\047\006\061\006\057}{chapter.12}% 128
\BOOKMARK [1][-]{section.12.3}{\376\377\0001\0002\000.\0003\000\040\006\050\006\063\006\052\006\047\006\061\000\040\006\050\006\047\000\040\006\206\006\106\006\057\000\040\006\057\006\063\006\052\006\110\006\061}{chapter.12}% 129
\BOOKMARK [1][-]{section.12.4}{\376\377\0001\0002\000.\0004\000\040\006\056\006\104\006\047\006\065\006\107\006\124\000\040\006\101\006\065\006\104}{chapter.12}% 130
\BOOKMARK [1][-]{section.12.5}{\376\377\0001\0002\000.\0005\000\040\006\052\006\105\006\061\006\314\006\106\040\014\006\107\006\047}{chapter.12}% 131
\BOOKMARK [0][-]{chapter.13}{\376\377\0001\0003\000\040\006\105\006\057\006\314\006\061\006\314\006\052\006\120\000\040\006\056\006\067\006\047\000\040\006\110\000\040\006\047\006\054\006\061\006\047\006\314\000\040\006\050\006\107\040\014\006\052\006\071\006\110\006\314\006\102\040\014\006\047\006\101\006\052\006\047\006\057\006\107}{}% 132
\BOOKMARK [1][-]{section.13.1}{\376\377\0001\0003\000.\0001\000\040\006\052\006\071\006\104\006\314\006\102\000:\000\040\006\251\006\047\006\061\006\314\000\040\006\251\006\107\000\040\006\055\006\052\006\105\006\047\006\113\000\040\006\050\006\047\006\314\006\057\000\040\006\047\006\106\006\054\006\047\006\105\000\040\006\064\006\110\006\057}{chapter.13}% 133
\BOOKMARK [1][-]{section.13.2}{\376\377\0001\0003\000.\0002\000\040\006\206\006\061\006\047\000\040\006\052\006\071\006\104\006\314\006\102\000\040\006\047\006\314\006\106\040\014\006\102\006\057\006\061\000\040\006\105\006\101\006\314\006\057\000\040\006\047\006\063\006\052\006\037}{chapter.13}% 134
\BOOKMARK [1][-]{section.13.3}{\376\377\0001\0003\000.\0003\000\040\006\206\006\106\006\057\000\040\006\052\006\071\006\104\006\314\006\102\000\040\006\110\000\040\006\052\006\061\006\052\006\314\006\050\006\120\000\040\006\047\006\054\006\061\006\047}{chapter.13}% 135
\BOOKMARK [1][-]{section.13.4}{\376\377\0001\0003\000.\0004\000\040\006\105\006\057\006\314\006\061\006\314\006\052\006\120\000\040\006\056\006\067\006\047\000\040\006\050\006\047\000\040\006\105\006\102\006\057\006\047\006\061\006\120\000\040\006\050\006\047\006\062\006\257\006\064\006\052\006\314}{chapter.13}% 136
\BOOKMARK [1][-]{section.13.5}{\376\377\0001\0003\000.\0005\000\040\006\050\006\061\006\061\006\063\006\314\006\120\000\040\006\105\006\061\006\062\006\107\006\047\000\040\006\110\000\040\006\047\006\054\006\061\006\047\006\314\000\040\006\047\006\105\006\106}{chapter.13}% 137
\BOOKMARK [1][-]{section.13.6}{\376\377\0001\0003\000.\0006\000\040\006\052\006\061\006\251\006\314\006\050\006\120\000\040\006\052\006\071\006\104\006\314\006\102\000\040\006\110\000\040\006\105\006\057\006\314\006\061\006\314\006\052\006\120\000\040\006\056\006\067\006\047}{chapter.13}% 138
\BOOKMARK [1][-]{section.13.7}{\376\377\0001\0003\000.\0007\000\040\006\056\006\104\006\047\006\065\006\107\006\124\000\040\006\101\006\065\006\104}{chapter.13}% 139
\BOOKMARK [1][-]{section.13.8}{\376\377\0001\0003\000.\0008\000\040\006\052\006\105\006\061\006\314\006\106\040\014\006\107\006\047}{chapter.13}% 140
\BOOKMARK [0][-]{chapter.14}{\376\377\0001\0004\000\040\006\105\006\047\006\230\006\110\006\104\040\014\006\107\006\047\000\040\006\110\000\040\006\050\006\063\006\052\006\107\040\014\006\107\006\047}{}% 141
\BOOKMARK [1][-]{section.14.1}{\376\377\0001\0004\000.\0001\000\040\006\206\006\061\006\047\000\040\006\050\006\061\006\106\006\047\006\105\006\107\000\040\006\061\006\047\000\040\006\050\006\064\006\251\006\106\006\314\006\105\006\037}{chapter.14}% 142
\BOOKMARK [1][-]{section.14.2}{\376\377\0001\0004\000.\0002\000\040\006\110\006\047\006\061\006\057\006\251\006\061\006\057\006\106\006\120\000\040\006\251\006\052\006\047\006\050\006\056\006\047\006\106\006\107\040\014\006\107\006\047\006\314\000\040\006\042\006\105\006\047\006\057\006\107}{chapter.14}% 143
\BOOKMARK [1][-]{section.14.3}{\376\377\0001\0004\000.\0003\000\040\006\063\006\047\006\056\006\052\006\106\006\120\000\040\006\105\006\047\006\230\006\110\006\104\006\120\000\040\006\056\006\110\006\057\006\105\006\047\006\106}{chapter.14}% 144
\BOOKMARK [2][-]{subsection.14.3.1}{\376\377\0001\0004\000.\0003\000.\0001\000\040\006\071\006\105\006\110\006\105\006\314\000\040\006\057\006\061\000\040\006\050\006\061\006\047\006\050\006\061\006\120\000\040\006\056\006\065\006\110\006\065\006\314}{section.14.3}% 145
\BOOKMARK [2][-]{subsection.14.3.2}{\376\377\0001\0004\000.\0003\000.\0002\000\040\006\047\006\063\006\052\006\101\006\047\006\057\006\107\000\040\006\047\006\062\000\040\006\105\006\047\006\230\006\110\006\104\006\120\000\040\006\056\006\110\006\057\006\105\006\047\006\106}{section.14.3}% 146
\BOOKMARK [1][-]{section.14.4}{\376\377\0001\0004\000.\0004\000\040\006\057\006\110\006\062\006\050\006\047\006\106\006\107\040\014\006\063\006\047\006\062\006\314\006\120\000\040\006\105\006\047\006\230\006\110\006\104\040\014\006\107\006\047\006\314\000\040\006\056\006\110\006\057\006\105\006\047\006\106}{chapter.14}% 147
\BOOKMARK [1][-]{section.14.5}{\376\377\0001\0004\000.\0005\000\040\006\063\006\047\006\056\006\052\006\047\006\061\006\120\000\040\006\314\006\251\000\040\006\176\006\061\006\110\006\230\006\107\006\124\000\040\006\206\006\106\006\057\006\101\006\047\006\314\006\104\006\314}{chapter.14}% 148
\BOOKMARK [1][-]{section.14.6}{\376\377\0001\0004\000.\0006\000\040\006\056\006\104\006\047\006\065\006\107\006\124\000\040\006\101\006\065\006\104}{chapter.14}% 149
\BOOKMARK [1][-]{section.14.7}{\376\377\0001\0004\000.\0007\000\040\006\052\006\105\006\061\006\314\006\106\040\014\006\107\006\047}{chapter.14}% 150
\BOOKMARK [0][-]{chapter.15}{\376\377\0001\0005\000\040\006\251\006\052\006\047\006\050\006\056\006\047\006\106\006\107\006\124\000\040\006\047\006\063\006\052\006\047\006\106\006\057\006\047\006\061\006\057}{}% 151
\BOOKMARK [1][-]{section.15.1}{\376\377\0001\0005\000.\0001\000\040\006\061\006\314\006\047\006\066\006\314}{chapter.15}% 152
\BOOKMARK [1][-]{section.15.2}{\376\377\0001\0005\000.\0002\000\040\006\061\006\064\006\052\006\107}{chapter.15}% 153
\BOOKMARK [1][-]{section.15.3}{\376\377\0001\0005\000.\0003\000\040\006\106\006\257\006\047\006\064\006\052\000:\000\040\006\110\006\047\006\230\006\107\040\014\006\106\006\047\006\105\006\107\006\124\000\040\006\251\006\104\006\314\006\057\000-\006\105\006\102\006\057\006\047\006\061}{chapter.15}% 154
\BOOKMARK [2][-]{subsection.15.3.1}{\376\377\0001\0005\000.\0003\000.\0001\000\040\006\176\006\314\006\105\006\047\006\314\006\064\006\120\000\040\006\314\006\251\000\040\006\106\006\257\006\047\006\064\006\052}{section.15.3}% 155
\BOOKMARK [1][-]{section.15.4}{\376\377\0001\0005\000.\0004\000\040\006\057\006\314\006\257\006\061\000\040\006\105\006\047\006\230\006\110\006\104\040\014\006\107\006\047\006\314\000\040\006\251\006\047\006\061\006\050\006\061\006\057\006\314}{chapter.15}% 156
\BOOKMARK [2][-]{subsection.15.4.1}{\376\377\0001\0005\000.\0004\000.\0001\000\040\006\106\006\105\006\110\006\106\006\107\000:\000\040\006\071\006\057\006\057\006\120\000\040\006\052\006\065\006\047\006\057\006\101\006\314}{section.15.4}% 157
\BOOKMARK [1][-]{section.15.5}{\376\377\0001\0005\000.\0005\000\040\006\056\006\104\006\047\006\065\006\107\006\124\000\040\006\101\006\065\006\104}{chapter.15}% 158
\BOOKMARK [1][-]{section.15.6}{\376\377\0001\0005\000.\0006\000\040\006\052\006\105\006\061\006\314\006\106\040\014\006\107\006\047}{chapter.15}% 159
\BOOKMARK [0][-]{chapter.16}{\376\377\0001\0006\000\040\006\251\006\047\006\061\000\040\006\050\006\047\000\040\006\101\006\047\006\314\006\104\000\040\006\110\000\040\006\063\006\314\006\063\006\052\006\105}{}% 160
\BOOKMARK [1][-]{section.16.1}{\376\377\0001\0006\000.\0001\000\040\006\106\006\110\006\064\006\052\006\106\000\040\006\110\000\040\006\056\006\110\006\047\006\106\006\057\006\106\006\120\000\040\006\101\006\047\006\314\006\104}{chapter.16}% 161
\BOOKMARK [1][-]{section.16.2}{\376\377\0001\0006\000.\0002\000\040\006\042\006\061\006\257\006\110\006\105\006\047\006\106\040\014\006\107\006\047\006\314\000\040\006\056\006\067\006\120\000\040\006\101\006\061\006\105\006\047\006\106}{chapter.16}% 162
\BOOKMARK [1][-]{section.16.3}{\376\377\0001\0006\000.\0003\000\040\006\105\006\052\006\072\006\314\006\061\006\107\006\047\006\314\000\040\006\105\006\055\006\314\006\067\006\314}{chapter.16}% 163
\BOOKMARK [1][-]{section.16.4}{\376\377\0001\0006\000.\0004\000\040\006\052\006\064\006\056\006\314\006\065\006\120\000\040\006\063\006\314\006\063\006\052\006\105\040\014\006\071\006\047\006\105\006\104\000\040\006\057\006\061\000\040\006\062\006\105\006\047\006\106\006\120\000\040\006\251\006\047\006\105\006\176\006\047\006\314\006\104}{chapter.16}% 164
\BOOKMARK [1][-]{section.16.5}{\376\377\0001\0006\000.\0005\000\040\006\056\006\104\006\047\006\065\006\107\006\124\000\040\006\101\006\065\006\104}{chapter.16}% 165
\BOOKMARK [1][-]{section.16.6}{\376\377\0001\0006\000.\0006\000\040\006\052\006\105\006\061\006\314\006\106\040\014\006\107\006\047}{chapter.16}% 166
\BOOKMARK [0][-]{chapter.17}{\376\377\0001\0007\000\040\006\107\006\105\040\014\006\061\006\110\006\106\006\057\006\314}{}% 167
\BOOKMARK [1][-]{section.17.1}{\376\377\0001\0007\000.\0001\000\040\006\106\006\056\000\040\006\206\006\314\006\063\006\052\006\037}{chapter.17}% 168
\BOOKMARK [1][-]{section.17.2}{\376\377\0001\0007\000.\0002\000\040\006\105\006\063\006\046\006\104\006\107\006\124\000\040\006\105\006\064\006\052\006\061\006\251\000:\000\040\006\057\006\047\006\057\006\107\040\014\006\047\006\314\000\040\006\251\006\107\000\040\006\206\006\106\006\057\000\040\006\106\006\056\000\040\006\050\006\107\000\040\006\042\006\106\000\040\006\057\006\063\006\052\000\040\006\105\006\314\040\014\006\062\006\106\006\106\006\057}{chapter.17}% 169
\BOOKMARK [2][-]{subsection.17.2.1}{\376\377\0001\0007\000.\0002\000.\0001\000\040\006\052\006\102\006\063\006\314\006\105\006\120\000\040\006\251\006\047\006\061}{section.17.2}% 170
\BOOKMARK [2][-]{subsection.17.2.2}{\376\377\0001\0007\000.\0002\000.\0002\000\040\006\105\006\055\006\047\006\101\006\070\006\052\000\040\006\050\006\047\000\040\006\102\006\101\006\104}{section.17.2}% 171
\BOOKMARK [2][-]{subsection.17.2.3}{\376\377\0001\0007\000.\0002\000.\0003\000\040\006\047\006\106\006\052\006\070\006\047\006\061\000\040\006\050\006\047\000\040\006\257\006\061\006\110\006\107\006\120\000\040\006\047\006\106\006\052\006\070\006\047\006\061}{section.17.2}% 172
\BOOKMARK [1][-]{section.17.3}{\376\377\0001\0007\000.\0003\000\040\006\056\006\067\006\061\006\107\006\047\006\314\000\040\006\107\006\105\040\014\006\061\006\110\006\106\006\057\006\314}{chapter.17}% 173
\BOOKMARK [1][-]{section.17.4}{\376\377\0001\0007\000.\0004\000\040\006\056\006\104\006\047\006\065\006\107\006\124\000\040\006\101\006\065\006\104}{chapter.17}% 174
\BOOKMARK [1][-]{section.17.5}{\376\377\0001\0007\000.\0005\000\040\006\052\006\105\006\061\006\314\006\106\040\014\006\107\006\047}{chapter.17}% 175
\BOOKMARK [0][-]{chapter.18}{\376\377\0001\0008\000\040\006\047\006\061\006\052\006\050\006\047\006\067\000\040\006\050\006\047\000\040\006\251\006\057\006\120\000\040\006\056\006\047\006\061\006\054\006\314}{}% 176
\BOOKMARK [1][-]{section.18.1}{\376\377\0001\0008\000.\0001\000\040\006\101\006\061\006\047\006\056\006\110\006\047\006\106\006\314\006\120\000\040\006\314\006\251\000\040\006\052\006\047\006\050\006\071\006\120\000\040\006\056\006\047\006\061\006\054\006\314}{chapter.18}% 177
\BOOKMARK [1][-]{section.18.2}{\376\377\0001\0008\000.\0002\000\040\006\107\006\105\006\047\006\106\000\040\006\105\006\101\006\107\006\110\006\105\000\040\006\050\006\107\000\040\006\101\006\047\006\061\006\063\006\314}{chapter.18}% 178
\BOOKMARK [1][-]{section.18.3}{\376\377\0001\0008\000.\0003\000\040\006\176\006\314\006\110\006\106\006\057\000\040\006\050\006\107\000\040\006\314\006\251\000\040\006\251\006\052\006\047\006\050\006\056\006\047\006\106\006\107}{chapter.18}% 179
\BOOKMARK [1][-]{section.18.4}{\376\377\0001\0008\000.\0004\000\040\006\251\006\047\006\061\006\050\006\061\006\057\006\120\000\040\006\071\006\105\006\104\006\314\000:\000\040\006\056\006\110\006\047\006\106\006\057\006\106\006\120\000\040\006\105\006\052\006\072\006\314\006\061\006\120\000\040\006\105\006\055\006\314\006\067\006\314\000\040\006\047\006\062\000\040\000C}{chapter.18}% 180
\BOOKMARK [1][-]{section.18.5}{\376\377\0001\0008\000.\0005\000\040\006\056\006\104\006\047\006\065\006\107\006\124\000\040\006\101\006\065\006\104}{chapter.18}% 181
\BOOKMARK [1][-]{section.18.6}{\376\377\0001\0008\000.\0006\000\040\006\052\006\105\006\061\006\314\006\106\040\014\006\107\006\047}{chapter.18}% 182
\BOOKMARK [0][-]{chapter.19}{\376\377\0001\0009\000\040\006\206\006\047\006\061\006\206\006\110\006\050\006\120\000\040\006\110\006\050\000\040\006\110\000\040\006\063\006\047\006\105\006\047\006\106\006\107\006\124\000\040\006\206\006\314\006\057\006\105\006\047\006\106}{}% 183
\BOOKMARK [1][-]{section.19.1}{\376\377\0001\0009\000.\0001\000\040\006\106\006\056\006\063\006\052\006\314\006\106\000\040\006\065\006\101\006\055\006\107\006\124\000\040\006\110\006\050}{chapter.19}% 184
\BOOKMARK [1][-]{section.19.2}{\376\377\0001\0009\000.\0002\000\040\006\071\006\106\006\065\006\061\006\107\006\047\000\040\006\110\000\040\006\110\006\314\006\230\006\257\006\314\040\014\006\107\006\047}{chapter.19}% 185
\BOOKMARK [1][-]{section.19.3}{\376\377\0001\0009\000.\0003\000\040\006\071\006\106\006\065\006\061\006\107\006\047\006\314\000\040\006\176\006\061\006\251\006\047\006\061\006\050\006\061\006\057}{chapter.19}% 186
\BOOKMARK [2][-]{subsection.19.3.1}{\376\377\0001\0009\000.\0003\000.\0001\000\040\006\101\006\107\006\061\006\063\006\052}{section.19.3}% 187
\BOOKMARK [2][-]{subsection.19.3.2}{\376\377\0001\0009\000.\0003\000.\0002\000\040\006\057\006\251\006\105\006\107}{section.19.3}% 188
\BOOKMARK [1][-]{section.19.4}{\376\377\0001\0009\000.\0004\000\040\006\063\006\047\006\056\006\052\006\106\006\120\000\040\006\314\006\251\000\040\006\101\006\061\006\105}{chapter.19}% 189
\BOOKMARK [1][-]{section.19.5}{\376\377\0001\0009\000.\0005\000\040\006\063\006\050\006\251\040\014\006\057\006\107\006\314\000\040\006\110\000\040\006\070\006\047\006\107\006\061}{chapter.19}% 190
\BOOKMARK [1][-]{section.19.6}{\376\377\0001\0009\000.\0006\000\040\006\056\006\104\006\047\006\065\006\107\006\124\000\040\006\101\006\065\006\104}{chapter.19}% 191
\BOOKMARK [1][-]{section.19.7}{\376\377\0001\0009\000.\0007\000\040\006\052\006\105\006\061\006\314\006\106\040\014\006\107\006\047}{chapter.19}% 192
\BOOKMARK [0][-]{chapter.20}{\376\377\0002\0000\000\040\006\106\006\251\006\047\006\052\006\120\000\040\006\176\006\314\006\064\006\061\006\101\006\052\006\107\000\040\006\110\000\040\006\050\006\107\006\052\006\061\006\314\006\106\000\040\006\061\006\110\006\064\040\014\006\107\006\047}{}% 193
\BOOKMARK [1][-]{section.20.1}{\376\377\0002\0000\000.\0001\000\040\006\176\006\047\006\063\000\040\006\057\006\047\006\057\006\106\000\040\006\050\006\107\000\040\006\047\006\061\006\054\006\047\006\071}{chapter.20}% 194
\BOOKMARK [1][-]{section.20.2}{\376\377\0002\0000\000.\0002\000\040\006\102\006\047\006\104\006\050\040\014\006\050\006\106\006\057\006\314\006\120\000\040\006\056\006\110\006\057\006\251\006\047\006\061\006\120\000\040\006\251\006\057}{chapter.20}% 195
\BOOKMARK [1][-]{section.20.3}{\376\377\0002\0000\000.\0003\000\040\006\042\006\062\006\105\006\110\006\106\040\014\006\106\006\110\006\314\006\063\006\314}{chapter.20}% 196
\BOOKMARK [1][-]{section.20.4}{\376\377\0002\0000\000.\0004\000\040\006\047\006\064\006\251\006\047\006\104\040\014\006\062\006\057\006\047\006\314\006\314}{chapter.20}% 197
\BOOKMARK [1][-]{section.20.5}{\376\377\0002\0000\000.\0005\000\040\006\251\006\047\006\061\006\047\006\314\006\314\000\040\006\110\000\040\006\055\006\047\006\101\006\070\006\107}{chapter.20}% 198
\BOOKMARK [1][-]{section.20.6}{\376\377\0002\0000\000.\0006\000\040\006\047\006\065\006\110\006\104\040\014\006\120\000\040\006\251\006\057\006\120\000\040\006\056\006\110\006\050}{chapter.20}% 199
\BOOKMARK [1][-]{section.20.7}{\376\377\0002\0000\000.\0007\000\040\006\061\006\047\006\107\006\120\000\040\006\176\006\314\006\064\006\120\000\040\006\061\006\110}{chapter.20}% 200
\BOOKMARK [1][-]{section.20.8}{\376\377\0002\0000\000.\0008\000\040\006\056\006\104\006\047\006\065\006\107\006\124\000\040\006\101\006\065\006\104}{chapter.20}% 201
\BOOKMARK [1][-]{section.20.9}{\376\377\0002\0000\000.\0009\000\040\006\052\006\105\006\061\006\314\006\106\040\014\006\107\006\047}{chapter.20}% 202
\BOOKMARK [0][-]{chapter.app.1}{\376\377\006\042\000\040\006\101\006\107\006\061\006\063\006\052\006\120\000\040\006\251\006\047\006\105\006\104\006\120\000\040\006\110\006\047\006\230\006\257\006\047\006\106\006\120\000\040\006\251\006\104\006\314\006\057\006\314}{}% 203
\BOOKMARK [1][-]{section.app.1.1}{\376\377\006\042\000.\0001\000\040\006\110\006\047\006\230\006\257\006\047\006\106\006\120\000\040\006\251\006\104\006\314\006\057\006\314}{chapter.app.1}% 204
\BOOKMARK [1][-]{section.app.1.2}{\376\377\006\042\000.\0002\000\040\006\047\006\106\006\110\006\047\006\071\006\120\000\040\006\057\006\047\006\057\006\107}{chapter.app.1}% 205
\BOOKMARK [1][-]{section.app.1.3}{\376\377\006\042\000.\0003\000\040\006\105\006\047\006\230\006\110\006\104\040\014\006\107\006\047\006\314\000\040\006\251\006\052\006\047\006\050\006\056\006\047\006\106\006\107\006\124\000\040\006\047\006\063\006\052\006\047\006\106\006\057\006\047\006\061\006\057}{chapter.app.1}% 206
\BOOKMARK [1][-]{section.app.1.4}{\376\377\006\042\000.\0004\000\040\006\101\006\061\006\105\006\047\006\106\040\014\006\107\006\047\006\314\000\040\006\251\006\047\006\105\006\176\006\047\006\314\006\104\006\061}{chapter.app.1}% 207
\BOOKMARK [1][-]{section.app.1.5}{\376\377\006\042\000.\0005\000\040\006\061\006\047\006\107\006\106\006\105\006\047\006\107\006\047\006\314\000\040\006\101\006\047\006\314\006\104}{chapter.app.1}% 208
\BOOKMARK [0][-]{chapter.app.2}{\376\377\006\050\000\040\006\057\006\063\006\052\006\110\006\061\006\120\000\040\006\062\006\050\006\047\006\106\000\040\000\050\006\257\006\061\006\047\006\105\006\061\000\051}{}% 209
\BOOKMARK [1][-]{section.app.2.1}{\376\377\006\050\000.\0001\000\040\006\063\006\047\006\056\006\052\006\047\006\061\006\120\000\040\006\251\006\104\006\314\006\120\000\040\006\050\006\061\006\106\006\047\006\105\006\107}{chapter.app.2}% 210
\BOOKMARK [1][-]{section.app.2.2}{\376\377\006\050\000.\0002\000\040\006\047\006\071\006\104\006\047\006\106\006\120\000\040\006\105\006\052\006\072\006\314\006\061}{chapter.app.2}% 211
\BOOKMARK [1][-]{section.app.2.3}{\376\377\006\050\000.\0003\000\040\006\052\006\047\006\050\006\071}{chapter.app.2}% 212
\BOOKMARK [1][-]{section.app.2.4}{\376\377\006\050\000.\0004\000\040\006\064\006\061\006\067}{chapter.app.2}% 213
\BOOKMARK [1][-]{section.app.2.5}{\376\377\006\050\000.\0005\000\040\006\055\006\104\006\102\006\107\040\014\006\107\006\047}{chapter.app.2}% 214
\BOOKMARK [1][-]{section.app.2.6}{\376\377\006\050\000.\0006\000\040\006\063\006\047\006\056\006\052\006\047\006\061\000\040\006\110\000\040\006\064\006\105\006\047\006\061\006\064\006\314}{chapter.app.2}% 215
\BOOKMARK [1][-]{section.app.2.7}{\376\377\006\050\000.\0007\000\040\006\110\006\047\006\063\006\067\000\040\006\110\000\040\006\206\006\106\006\057\006\061\006\314\006\056\006\052\006\314}{chapter.app.2}% 216
\BOOKMARK [1][-]{section.app.2.8}{\376\377\006\050\000.\0008\000\040\006\251\006\104\006\314\040\014\006\063\006\047\006\062\006\314}{chapter.app.2}% 217
\BOOKMARK [1][-]{section.app.2.9}{\376\377\006\050\000.\0009\000\040\006\104\006\047\006\105\006\050\006\057\006\047\000\040\006\110\000\040\006\050\006\063\006\052\006\047\006\061}{chapter.app.2}% 218
\BOOKMARK [1][-]{section.app.2.10}{\376\377\006\050\000.\0001\0000\000\040\006\105\006\047\006\230\006\110\006\104\000\040\006\110\000\040\006\057\006\063\006\052\006\061\006\063\006\314}{chapter.app.2}% 219
\BOOKMARK [1][-]{section.app.2.11}{\376\377\006\050\000.\0001\0001\000\040\006\047\006\054\006\061\006\047\006\314\000\040\006\050\006\107\040\014\006\052\006\071\006\110\006\314\006\102\040\014\006\047\006\101\006\052\006\047\006\057\006\107\000\040\006\110\000\040\006\056\006\047\006\061\006\054\006\314}{chapter.app.2}% 220
\BOOKMARK [1][-]{section.app.2.12}{\376\377\006\050\000.\0001\0002\000\040\006\206\006\314\006\057\006\105\006\047\006\106\000\040\000\050\006\110\006\050\000\051}{chapter.app.2}% 221
\BOOKMARK [1][-]{section.app.2.13}{\376\377\006\050\000.\0001\0003\000\040\006\102\006\047\006\071\006\057\006\107\040\014\006\107\006\047\006\314\000\040\006\251\006\104\006\314}{chapter.app.2}% 222
\BOOKMARK [0][-]{chapter.app.3}{\376\377\006\054\000\040\006\050\006\061\006\257\006\107\006\124\000\040\006\105\006\061\006\054\006\071\006\120\000\040\006\063\006\061\006\314\006\071}{}% 223
\BOOKMARK [1][-]{section.app.3.1}{\376\377\006\054\000.\0001\000\040\006\047\006\063\006\251\006\104\006\052\006\120\000\040\006\050\006\061\006\106\006\047\006\105\006\107}{chapter.app.3}% 224
\BOOKMARK [1][-]{section.app.3.2}{\376\377\006\054\000.\0002\000\040\006\105\006\052\006\072\006\314\006\061\000\040\006\110\000\040\006\206\006\047\006\176}{chapter.app.3}% 225
\BOOKMARK [1][-]{section.app.3.3}{\376\377\006\054\000.\0003\000\040\006\071\006\105\006\104\006\257\006\061\006\107\006\047}{chapter.app.3}% 226
\BOOKMARK [1][-]{section.app.3.4}{\376\377\006\054\000.\0004\000\040\006\064\006\061\006\067}{chapter.app.3}% 227
\BOOKMARK [1][-]{section.app.3.5}{\376\377\006\054\000.\0005\000\040\006\055\006\104\006\102\006\107\040\014\006\107\006\047}{chapter.app.3}% 228
\BOOKMARK [1][-]{section.app.3.6}{\376\377\006\054\000.\0006\000\040\006\052\006\047\006\050\006\071}{chapter.app.3}% 229
\BOOKMARK [1][-]{section.app.3.7}{\376\377\006\054\000.\0007\000\040\006\042\006\061\006\047\006\314\006\107\000\040\006\110\000\040\006\050\006\061\006\057\006\047\006\061}{chapter.app.3}% 230
\BOOKMARK [1][-]{section.app.3.8}{\376\377\006\054\000.\0008\000\040\006\061\006\064\006\052\006\107}{chapter.app.3}% 231
\BOOKMARK [1][-]{section.app.3.9}{\376\377\006\054\000.\0009\000\040\006\106\006\257\006\047\006\064\006\052}{chapter.app.3}% 232
\BOOKMARK [1][-]{section.app.3.10}{\376\377\006\054\000.\0001\0000\000\040\006\063\006\047\006\056\006\052\006\047\006\061\000\040\006\110\000\040\006\064\006\105\006\047\006\061\006\064\006\314}{chapter.app.3}% 233
\BOOKMARK [1][-]{section.app.3.11}{\376\377\006\054\000.\0001\0001\000\040\006\110\006\047\006\063\006\067\000\040\006\110\000\040\006\251\006\104\006\314\040\014\006\063\006\047\006\062\006\314}{chapter.app.3}% 234
\BOOKMARK [1][-]{section.app.3.12}{\376\377\006\054\000.\0001\0002\000\040\006\104\006\047\006\105\006\050\006\057\006\047\000\040\006\110\000\040\006\052\006\071\006\104\006\314\006\102}{chapter.app.3}% 235
\BOOKMARK [1][-]{section.app.3.13}{\376\377\006\054\000.\0001\0003\000\040\006\105\006\047\006\230\006\110\006\104\000\040\006\110\000\040\006\056\006\047\006\061\006\054\006\314}{chapter.app.3}% 236
\BOOKMARK [1][-]{section.app.3.14}{\376\377\006\054\000.\0001\0004\000\040\006\101\006\061\006\105\006\047\006\106\040\014\006\107\006\047\006\314\000\040\006\176\006\061\006\251\006\047\006\061\006\050\006\061\006\057}{chapter.app.3}% 237
\BOOKMARK [0][-]{chapter.app.4}{\376\377\006\057\000\040\006\176\006\047\006\063\006\056\006\120\000\040\006\052\006\105\006\061\006\314\006\106\040\014\006\107\006\047}{}% 238
\BOOKMARK [1][-]{section*.3}{\376\377\006\101\006\065\006\104\006\120\000\040\006\361}{chapter.app.4}% 239
\BOOKMARK [1][-]{section*.3}{\376\377\006\101\006\065\006\104\006\120\000\040\006\362}{chapter.app.4}% 240
\BOOKMARK [1][-]{section*.3}{\376\377\006\101\006\065\006\104\006\120\000\040\006\363}{chapter.app.4}% 241
\BOOKMARK [1][-]{section*.3}{\376\377\006\101\006\065\006\104\006\120\000\040\006\364}{chapter.app.4}% 242
\BOOKMARK [1][-]{section*.3}{\376\377\006\101\006\065\006\104\006\120\000\040\006\365}{chapter.app.4}% 243
\BOOKMARK [1][-]{section*.3}{\376\377\006\101\006\065\006\104\006\120\000\040\006\366}{chapter.app.4}% 244
\BOOKMARK [1][-]{section*.3}{\376\377\006\101\006\065\006\104\006\120\000\040\006\367}{chapter.app.4}% 245
\BOOKMARK [1][-]{section*.3}{\376\377\006\101\006\065\006\104\006\120\000\040\006\370}{chapter.app.4}% 246
\BOOKMARK [1][-]{section*.3}{\376\377\006\101\006\065\006\104\006\120\000\040\006\371}{chapter.app.4}% 247
\BOOKMARK [1][-]{section*.3}{\376\377\006\101\006\065\006\104\006\120\000\040\006\361\006\360}{chapter.app.4}% 248
\BOOKMARK [1][-]{section*.3}{\376\377\006\101\006\065\006\104\006\120\000\040\006\361\006\361}{chapter.app.4}% 249
\BOOKMARK [1][-]{section*.3}{\376\377\006\101\006\065\006\104\006\120\000\040\006\361\006\362}{chapter.app.4}% 250
\BOOKMARK [1][-]{section*.3}{\376\377\006\101\006\065\006\104\006\120\000\040\006\361\006\363}{chapter.app.4}% 251
\BOOKMARK [1][-]{section*.3}{\376\377\006\101\006\065\006\104\006\120\000\040\006\361\006\364}{chapter.app.4}% 252
\BOOKMARK [1][-]{section*.3}{\376\377\006\101\006\065\006\104\006\120\000\040\006\361\006\365}{chapter.app.4}% 253
\BOOKMARK [1][-]{section*.3}{\376\377\006\101\006\065\006\104\006\120\000\040\006\361\006\366}{chapter.app.4}% 254
\BOOKMARK [1][-]{lstnumber.-37.7}{\376\377\006\101\006\065\006\104\006\120\000\040\006\361\006\367}{chapter.app.4}% 255
\BOOKMARK [1][-]{lstnumber.-37.7}{\376\377\006\101\006\065\006\104\006\120\000\040\006\361\006\370}{chapter.app.4}% 256
\BOOKMARK [1][-]{lstnumber.-38.8}{\376\377\006\101\006\065\006\104\006\120\000\040\006\361\006\371}{chapter.app.4}% 257
\BOOKMARK [1][-]{lstnumber.-38.8}{\376\377\006\101\006\065\006\104\006\120\000\040\006\362\006\360}{chapter.app.4}% 258
